#
# A fatal error has been detected by the Java Runtime Environment:
#
#  SIGSEGV (0xb) at pc=0x00007f07df5bc401, pid=13432, tid=13462
#
# JRE version: OpenJDK Runtime Environment (11.0.6+10) (build 11.0.6+10-post-Ubuntu-1ubuntu118.04.1)
# Java VM: OpenJDK 64-Bit Server VM (11.0.6+10-post-Ubuntu-1ubuntu118.04.1, mixed mode, sharing, tiered, compressed oops, g1 gc, linux-amd64)
# Problematic frame:
# C  [libjimage.so+0x2401]
#
# Core dump will be written. Default location: Core dumps may be processed with "/lib/systemd/systemd-coredump %P %u %g %s %t 9223372036854775808 %e" (or dumping to /home/tanky/Documents/Springboot Project/Helpdesk_v2/core.13432)
#
# If you would like to submit a bug report, please visit:
#   https://bugs.launchpad.net/ubuntu/+source/openjdk-lts
#

---------------  S U M M A R Y ------------

Command Line: -agentlib:jdwp=transport=dt_socket,suspend=y,address=localhost:45443 -Dcom.sun.management.jmxremote -Dcom.sun.management.jmxremote.port=35359 -Dcom.sun.management.jmxremote.authenticate=false -Dcom.sun.management.jmxremote.ssl=false -Djava.rmi.server.hostname=localhost -Dspring.jmx.enabled=true -Dspring.liveBeansView.mbeanDomain -Dspring.application.admin.enabled=true -Djava.security.egd=file:/dev/./urandom -Xverify:none -XX:TieredStopAtLevel=1 -Dspring.boot.project.name=Helpdesk_v2 -javaagent:/home/tanky/Desktop/eclipse/jee-2019-123/eclipse/configuration/org.eclipse.osgi/1402/0/.cp/lib/javaagent-shaded.jar -Dfile.encoding=UTF-8 com.helpdesk.Helpdesk_v2.HelpdeskV2Application

Host: Intel(R) Core(TM) i5-8250U CPU @ 1.60GHz, 8 cores, 3G, Linux Mint 19.3 Tricia
Time: Sun Oct 18 22:03:39 2020 +07 elapsed time: 201 seconds (0d 0h 3m 21s)

---------------  T H R E A D  ---------------

Current thread (0x00007f07e0636000):  JavaThread "RMI TCP Accept-35359" daemon [_thread_in_vm, id=13462, stack(0x00007f077feff000,0x00007f0780000000)]

Stack: [0x00007f077feff000,0x00007f0780000000],  sp=0x00007f077fffd170,  free space=1016k
Native frames: (J=compiled Java code, A=aot compiled Java code, j=interpreted, Vv=VM code, C=native code)
C  [libjimage.so+0x2401]
C  [libjimage.so+0x30ea]
C  [libjimage.so+0x35c6]  JIMAGE_FindResource+0xd6
V  [libjvm.so+0x59098e]
V  [libjvm.so+0x5936f0]
V  [libjvm.so+0xd49c05]
V  [libjvm.so+0xd4759a]
V  [libjvm.so+0xd4a192]
V  [libjvm.so+0x644c4d]
V  [libjvm.so+0x839b0c]
j  sun.rmi.transport.tcp.TCPTransport$AcceptLoop.executeAcceptLoop()V+68 java.rmi@11.0.6
j  sun.rmi.transport.tcp.TCPTransport$AcceptLoop.run()V+1 java.rmi@11.0.6
j  java.lang.Thread.run()V+11 java.base@11.0.6
v  ~StubRoutines::call_stub
V  [libjvm.so+0x8493b9]
V  [libjvm.so+0x8474fd]
V  [libjvm.so+0x8f20dc]
V  [libjvm.so+0xd83203]
V  [libjvm.so+0xd834d5]
V  [libjvm.so+0xd7f20a]
V  [libjvm.so+0xbcf1fe]

Java frames: (J=compiled Java code, j=interpreted, Vv=VM code)
j  sun.rmi.transport.tcp.TCPTransport$AcceptLoop.executeAcceptLoop()V+68 java.rmi@11.0.6
j  sun.rmi.transport.tcp.TCPTransport$AcceptLoop.run()V+1 java.rmi@11.0.6
j  java.lang.Thread.run()V+11 java.base@11.0.6
v  ~StubRoutines::call_stub

siginfo: si_signo: 11 (SIGSEGV), si_code: 1 (SEGV_MAPERR), si_addr: 0x00007f07d6edb568

Register to memory mapping:

RAX=0x0000000000004553 is an unknown value
RBX=0x00007f077fffd221 is pointing into the stack for thread: 0x00007f07e0636000
RCX=0x00007f07d6eca01c is an unknown value
RDX=0x0000000000004553 is an unknown value
RSP=0x00007f077fffd170 is pointing into the stack for thread: 0x00007f07e0636000
RBP=0x00007f077fffd190 is pointing into the stack for thread: 0x00007f07e0636000
RSI=0x00007f077fffd220 is pointing into the stack for thread: 0x00007f07e0636000
RDI=0x00007f07df7bf130: <offset 0x0000000000205130> in /usr/lib/jvm/java-11-openjdk-amd64/lib/libjimage.so at 0x00007f07df5ba000
R8 =0x0 is NULL
R9 =0x000000000ccbfc40 is an unknown value
R10=0x00007f077fffd25d is pointing into the stack for thread: 0x00007f07e0636000
R11=0x00007f07e73cb4c0: <offset 0x00000000001af4c0> in /lib/x86_64-linux-gnu/libc.so.6 at 0x00007f07e721c000
R12=0x00007f077fffd220 is pointing into the stack for thread: 0x00007f07e0636000
R13=0x00000000000083a0 is an unknown value
R14=0x00007f077fffe2b8 is pointing into the stack for thread: 0x00007f07e0636000
R15=0x00007f079c09feb0 points into unknown readable memory: 73 75 6e 2f 72 6d 69 2f


Registers:
RAX=0x0000000000004553, RBX=0x00007f077fffd221, RCX=0x00007f07d6eca01c, RDX=0x0000000000004553
RSP=0x00007f077fffd170, RBP=0x00007f077fffd190, RSI=0x00007f077fffd220, RDI=0x00007f07df7bf130
R8 =0x0000000000000000, R9 =0x000000000ccbfc40, R10=0x00007f077fffd25d, R11=0x00007f07e73cb4c0
R12=0x00007f077fffd220, R13=0x00000000000083a0, R14=0x00007f077fffe2b8, R15=0x00007f079c09feb0
RIP=0x00007f07df5bc401, EFLAGS=0x0000000000010246, CSGSFS=0x002b000000000033, ERR=0x0000000000000004
  TRAPNO=0x000000000000000e

Top of Stack: (sp=0x00007f077fffd170)
0x00007f077fffd170:   0000000000000000 00007f07e0025f20
0x00007f077fffd180:   0000000000000000 00007f077fffd220
0x00007f077fffd190:   00007f077fffd200 00007f07df5bd0ea
0x00007f077fffd1a0:   0000000000000000 0000000000000000 

Instructions: (pc=0x00007f07df5bc401)
0x00007f07df5bc301:   c5 4c 01 e3 48 89 ce e8 d3 f3 ff ff e9 69 fd ff
0x00007f07df5bc311:   ff 89 d1 0f b7 74 08 fe 66 41 89 74 0e fe e9 7a
0x00007f07df5bc321:   fe ff ff 0f 1f 40 00 8b 08 49 8d 1c 16 41 89 0e
0x00007f07df5bc331:   89 d1 8b 74 08 fc 41 89 74 0e fc 48 8d 34 10 48
0x00007f07df5bc341:   89 75 b8 e9 0b fe ff ff 0f 1f 80 00 00 00 00 0f
0x00007f07df5bc351:   b6 17 55 89 f0 48 89 e5 84 d2 74 22 48 8d 4f 01
0x00007f07df5bc361:   0f 1f 80 00 00 00 00 48 83 c1 01 0f b6 f2 0f b6
0x00007f07df5bc371:   51 ff 69 c0 93 01 00 01 31 f0 84 d2 75 e9 25 ff
0x00007f07df5bc381:   ff ff 7f 5d c3 66 2e 0f 1f 84 00 00 00 00 00 48
0x00007f07df5bc391:   85 d2 0f 84 dd 00 00 00 85 c9 0f 84 d5 00 00 00
0x00007f07df5bc3a1:   55 48 89 e5 41 55 41 54 53 48 8d 5e 01 48 83 ec
0x00007f07df5bc3b1:   08 44 0f b6 06 45 84 c0 0f 84 a9 00 00 00 49 89
0x00007f07df5bc3c1:   da b8 93 01 00 01 66 0f 1f 84 00 00 00 00 00 49
0x00007f07df5bc3d1:   83 c2 01 44 69 c8 93 01 00 01 41 0f b6 c0 45 0f
0x00007f07df5bc3e1:   b6 42 ff 44 31 c8 45 84 c0 75 e4 25 ff ff ff 7f
0x00007f07df5bc3f1:   41 89 cd 48 89 d1 31 d2 41 f7 f5 49 89 f4 89 d0
0x00007f07df5bc401:   8b 34 81 48 8b 07 ff 50 20 83 f8 00 7e 41 41 0f
0x00007f07df5bc411:   b6 14 24 84 d2 74 1c 0f 1f 84 00 00 00 00 00 69
0x00007f07df5bc421:   c0 93 01 00 01 48 83 c3 01 31 d0 0f b6 53 ff 84
0x00007f07df5bc431:   d2 75 ec 25 ff ff ff 7f 31 d2 41 f7 f5 48 83 c4
0x00007f07df5bc441:   08 89 d0 5b 41 5c 41 5d 5d c3 0f 1f 44 00 00 74
0x00007f07df5bc451:   1d f7 d0 48 83 c4 08 89 c2 5b 89 d0 41 5c 41 5d
0x00007f07df5bc461:   5d c3 0f 1f 44 00 00 b8 93 01 00 01 eb 82 ba ff
0x00007f07df5bc471:   ff ff ff eb c8 83 ca ff 89 d0 c3 0f 1f 40 00 0f
0x00007f07df5bc481:   b6 17 55 48 89 f8 48 89 e5 84 d2 75 15 eb 1a 38
0x00007f07df5bc491:   ca 75 1c 48 83 c0 01 0f b6 10 48 83 c6 01 84 d2
0x00007f07df5bc4a1:   74 07 0f b6 0e 84 c9 75 e6 5d c3 0f 1f 40 00 31
0x00007f07df5bc4b1:   c0 5d c3 66 90 66 2e 0f 1f 84 00 00 00 00 00 55
0x00007f07df5bc4c1:   48 85 f6 48 89 e5 74 57 0f 1f 80 00 00 00 00 0f
0x00007f07df5bc4d1:   b6 06 84 c0 74 49 0f b6 d0 83 e0 07 c1 fa 03 44
0x00007f07df5bc4e1:   8d 50 01 0f b6 c0 41 89 d1 48 8d 56 01 4c 8d 44
0x00007f07df5bc4f1:   06 02 31 c0 0f 1f 00 0f b6 0a 48 c1 e0 08 48 83 


Stack slot to memory mapping:
stack at sp + 0 slots: 0x0 is NULL
stack at sp + 1 slots: 0x00007f07e0025f20 points into unknown readable memory: 90 88 00 88 07 7f 00 00
stack at sp + 2 slots: 0x0 is NULL
stack at sp + 3 slots: 0x00007f077fffd220 is pointing into the stack for thread: 0x00007f07e0636000
stack at sp + 4 slots: 0x00007f077fffd200 is pointing into the stack for thread: 0x00007f07e0636000
stack at sp + 5 slots: 0x00007f07df5bd0ea: <offset 0x00000000000030ea> in /usr/lib/jvm/java-11-openjdk-amd64/lib/libjimage.so at 0x00007f07df5ba000
stack at sp + 6 slots: 0x0 is NULL
stack at sp + 7 slots: 0x0 is NULL


---------------  P R O C E S S  ---------------

Threads class SMR info:
_java_thread_list=0x00007f07800027a0, length=32, elements={
0x00007f07e0139000, 0x00007f07e013b000, 0x00007f07e0141800, 0x00007f07e0144000,
0x00007f07e0146000, 0x00007f07e017c000, 0x00007f07e01bf000, 0x00007f07e01c2800,
0x00007f07e0553000, 0x00007f07e062c800, 0x00007f07e0636000, 0x00007f07e0649800,
0x00007f07e0dc2800, 0x00007f0754002000, 0x00007f07e0dc5000, 0x00007f0740034000,
0x00007f0740036000, 0x00007f0740039800, 0x00007f07e0fd5800, 0x00007f07e0fd7800,
0x00007f07e0fd9000, 0x00007f07e0fda800, 0x00007f07e0fdc800, 0x00007f07e0fde800,
0x00007f07e0fe0800, 0x00007f07e0fe2800, 0x00007f07e0fe4800, 0x00007f07e0fe6800,
0x00007f07e0fe8800, 0x00007f07e0ff1000, 0x00007f07e0ff3800, 0x00007f07e0018800
}

Java Threads: ( => current thread )
  0x00007f07e0139000 JavaThread "Reference Handler" daemon [_thread_blocked, id=13446, stack(0x00007f07c43b2000,0x00007f07c44b3000)]
  0x00007f07e013b000 JavaThread "Finalizer" daemon [_thread_blocked, id=13447, stack(0x00007f07c42b1000,0x00007f07c43b2000)]
  0x00007f07e0141800 JavaThread "Signal Dispatcher" daemon [_thread_blocked, id=13448, stack(0x00007f07c41b0000,0x00007f07c42b1000)]
  0x00007f07e0144000 JavaThread "C1 CompilerThread0" daemon [_thread_blocked, id=13449, stack(0x00007f07c40af000,0x00007f07c41b0000)]
  0x00007f07e0146000 JavaThread "Sweeper thread" daemon [_thread_blocked, id=13450, stack(0x00007f07b529f000,0x00007f07b53a0000)]
  0x00007f07e017c000 JavaThread "Common-Cleaner" daemon [_thread_blocked, id=13451, stack(0x00007f07b519e000,0x00007f07b529f000)]
  0x00007f07e01bf000 JavaThread "JDWP Transport Listener: dt_socket" daemon [_thread_in_native, id=13453, stack(0x00007f07b4e97000,0x00007f07b4f98000)]
  0x00007f07e01c2800 JavaThread "JDWP Event Helper Thread" daemon [_thread_blocked, id=13456, stack(0x00007f07b4d96000,0x00007f07b4e97000)]
  0x00007f07e0553000 JavaThread "Service Thread" daemon [_thread_blocked, id=13460, stack(0x00007f07b476c000,0x00007f07b486d000)]
  0x00007f07e062c800 JavaThread "RMI TCP Accept-0" daemon [_thread_in_native, id=13461, stack(0x00007f07b405d000,0x00007f07b415e000)]
=>0x00007f07e0636000 JavaThread "RMI TCP Accept-35359" daemon [_thread_in_vm, id=13462, stack(0x00007f077feff000,0x00007f0780000000)]
  0x00007f07e0649800 JavaThread "RMI TCP Accept-0" daemon [_thread_in_native, id=13463, stack(0x00007f077fdfe000,0x00007f077feff000)]
  0x00007f07e0dc2800 JavaThread "Catalina-utility-1" [_thread_blocked, id=13471, stack(0x00007f077f8f9000,0x00007f077f9fa000)]
  0x00007f0754002000 JavaThread "Catalina-utility-2" [_thread_blocked, id=13472, stack(0x00007f077e6f2000,0x00007f077e7f3000)]
  0x00007f07e0dc5000 JavaThread "container-0" [_thread_blocked, id=13473, stack(0x00007f077e5f1000,0x00007f077e6f2000)]
  0x00007f0740034000 JavaThread "cluster-ClusterId{value='5f8c5885d4bf267af904d34f', description='null'}-tankydbs-shard-00-02.3zvgh.mongodb.net:27017" daemon [_thread_blocked, id=13479, stack(0x00007f077dde7000,0x00007f077dee8000)]
  0x00007f0740036000 JavaThread "cluster-ClusterId{value='5f8c5885d4bf267af904d34f', description='null'}-tankydbs-shard-00-00.3zvgh.mongodb.net:27017" daemon [_thread_blocked, id=13480, stack(0x00007f077dce6000,0x00007f077dde7000)]
  0x00007f0740039800 JavaThread "cluster-ClusterId{value='5f8c5885d4bf267af904d34f', description='null'}-tankydbs-shard-00-01.3zvgh.mongodb.net:27017" daemon [_thread_blocked, id=13481, stack(0x00007f077dbe5000,0x00007f077dce6000)]
  0x00007f07e0fd5800 JavaThread "http-nio-8082-BlockPoller" daemon [_thread_in_native, id=13486, stack(0x00007f077ca90000,0x00007f077cb91000)]
  0x00007f07e0fd7800 JavaThread "http-nio-8082-exec-1" daemon [_thread_blocked, id=13487, stack(0x00007f077c98f000,0x00007f077ca90000)]
  0x00007f07e0fd9000 JavaThread "http-nio-8082-exec-2" daemon [_thread_blocked, id=13488, stack(0x00007f077c88e000,0x00007f077c98f000)]
  0x00007f07e0fda800 JavaThread "http-nio-8082-exec-3" daemon [_thread_blocked, id=13489, stack(0x00007f077c78d000,0x00007f077c88e000)]
  0x00007f07e0fdc800 JavaThread "http-nio-8082-exec-4" daemon [_thread_blocked, id=13490, stack(0x00007f077c68c000,0x00007f077c78d000)]
  0x00007f07e0fde800 JavaThread "http-nio-8082-exec-5" daemon [_thread_blocked, id=13491, stack(0x00007f077c58b000,0x00007f077c68c000)]
  0x00007f07e0fe0800 JavaThread "http-nio-8082-exec-6" daemon [_thread_blocked, id=13492, stack(0x00007f077c48a000,0x00007f077c58b000)]
  0x00007f07e0fe2800 JavaThread "http-nio-8082-exec-7" daemon [_thread_blocked, id=13493, stack(0x00007f077c389000,0x00007f077c48a000)]
  0x00007f07e0fe4800 JavaThread "http-nio-8082-exec-8" daemon [_thread_blocked, id=13494, stack(0x00007f077c288000,0x00007f077c389000)]
  0x00007f07e0fe6800 JavaThread "http-nio-8082-exec-9" daemon [_thread_blocked, id=13495, stack(0x00007f077c187000,0x00007f077c288000)]
  0x00007f07e0fe8800 JavaThread "http-nio-8082-exec-10" daemon [_thread_blocked, id=13496, stack(0x00007f077c086000,0x00007f077c187000)]
  0x00007f07e0ff1000 JavaThread "http-nio-8082-ClientPoller" daemon [_thread_in_native, id=13497, stack(0x00007f0703eff000,0x00007f0704000000)]
  0x00007f07e0ff3800 JavaThread "http-nio-8082-Acceptor" daemon [_thread_in_native, id=13498, stack(0x00007f0703dfe000,0x00007f0703eff000)]
  0x00007f07e0018800 JavaThread "DestroyJavaVM" [_thread_blocked, id=13439, stack(0x00007f07e7920000,0x00007f07e7a21000)]

Other Threads:
  0x00007f07e0136000 VMThread "VM Thread" [stack: 0x00007f07c44b5000,0x00007f07c45b5000] [id=13445]
  0x00007f07e064c800 WatcherThread [stack: 0x00007f077fcfe000,0x00007f077fdfe000] [id=13464]
  0x00007f07e0032000 GCTaskThread "GC Thread#0" [stack: 0x00007f07c7dca000,0x00007f07c7eca000] [id=13440]
  0x00007f07ac001000 GCTaskThread "GC Thread#1" [stack: 0x00007f077fbfc000,0x00007f077fcfc000] [id=13465]
  0x00007f07ac004000 GCTaskThread "GC Thread#2" [stack: 0x00007f077f5f9000,0x00007f077f6f9000] [id=13467]
  0x00007f07ac005800 GCTaskThread "GC Thread#3" [stack: 0x00007f077f4f7000,0x00007f077f5f7000] [id=13468]
  0x00007f07ac02c000 GCTaskThread "GC Thread#4" [stack: 0x00007f077e4f1000,0x00007f077e5f1000] [id=13474]
  0x00007f07ac02d000 GCTaskThread "GC Thread#5" [stack: 0x00007f077e3ef000,0x00007f077e4ef000] [id=13475]
  0x00007f07ac02e800 GCTaskThread "GC Thread#6" [stack: 0x00007f077e2ed000,0x00007f077e3ed000] [id=13476]
  0x00007f07ac030000 GCTaskThread "GC Thread#7" [stack: 0x00007f077e1eb000,0x00007f077e2eb000] [id=13477]
  0x00007f07e004c800 ConcurrentGCThread "G1 Main Marker" [stack: 0x00007f07c5146000,0x00007f07c5246000] [id=13441]
  0x00007f07e004e800 ConcurrentGCThread "G1 Conc#0" [stack: 0x00007f07c5044000,0x00007f07c5144000] [id=13442]
  0x00007f07b8001000 ConcurrentGCThread "G1 Conc#1" [stack: 0x00007f077edf5000,0x00007f077eef5000] [id=13470]
  0x00007f07e00a0800 ConcurrentGCThread "G1 Refine#0" [stack: 0x00007f07c473a000,0x00007f07c483a000] [id=13443]
  0x00007f07e00a2800 ConcurrentGCThread "G1 Young RemSet Sampling" [stack: 0x00007f07c4638000,0x00007f07c4738000] [id=13444]

Threads with active compile tasks:

VM state:not at safepoint (normal execution)

VM Mutex/Monitor currently owned by a thread: None

Heap address: 0x00000000c4400000, size: 956 MB, Compressed Oops mode: 32-bit
Narrow klass base: 0x0000000800000000, Narrow klass shift: 3
Compressed class space size: 1073741824 Address: 0x0000000840000000

Heap:
 garbage-first heap   total 126976K, used 65220K [0x00000000c4400000, 0x0000000100000000)
  region size 1024K, 46 young (47104K), 5 survivors (5120K)
 Metaspace       used 41057K, capacity 42625K, committed 42956K, reserved 1085440K
  class space    used 5500K, capacity 6118K, committed 6144K, reserved 1048576K
Heap Regions: E=young(eden), S=young(survivor), O=old, HS=humongous(starts), HC=humongous(continues), CS=collection set, F=free, A=archive, TAMS=top-at-mark-start (previous, next)
|   0|0x00000000c4400000, 0x00000000c4500000, 0x00000000c4500000|100%| O|  |TAMS 0x00000000c4500000, 0x00000000c4400000| Untracked 
|   1|0x00000000c4500000, 0x00000000c4600000, 0x00000000c4600000|100%| O|  |TAMS 0x00000000c4600000, 0x00000000c4500000| Untracked 
|   2|0x00000000c4600000, 0x00000000c4700000, 0x00000000c4700000|100%| O|  |TAMS 0x00000000c4700000, 0x00000000c4600000| Untracked 
|   3|0x00000000c4700000, 0x00000000c4800000, 0x00000000c4800000|100%| O|  |TAMS 0x00000000c4800000, 0x00000000c4700000| Untracked 
|   4|0x00000000c4800000, 0x00000000c4900000, 0x00000000c4900000|100%| O|  |TAMS 0x00000000c4900000, 0x00000000c4800000| Untracked 
|   5|0x00000000c4900000, 0x00000000c4a00000, 0x00000000c4a00000|100%| O|  |TAMS 0x00000000c4a00000, 0x00000000c4900000| Untracked 
|   6|0x00000000c4a00000, 0x00000000c4b00000, 0x00000000c4b00000|100%| O|  |TAMS 0x00000000c4b00000, 0x00000000c4a00000| Untracked 
|   7|0x00000000c4b00000, 0x00000000c4c00000, 0x00000000c4c00000|100%| O|  |TAMS 0x00000000c4c00000, 0x00000000c4b00000| Untracked 
|   8|0x00000000c4c00000, 0x00000000c4d00000, 0x00000000c4d00000|100%| O|  |TAMS 0x00000000c4d00000, 0x00000000c4c00000| Untracked 
|   9|0x00000000c4d00000, 0x00000000c4e00000, 0x00000000c4e00000|100%| O|  |TAMS 0x00000000c4e00000, 0x00000000c4d00000| Untracked 
|  10|0x00000000c4e00000, 0x00000000c4f00000, 0x00000000c4f00000|100%| O|  |TAMS 0x00000000c4f00000, 0x00000000c4e00000| Untracked 
|  11|0x00000000c4f00000, 0x00000000c5000000, 0x00000000c5000000|100%| O|  |TAMS 0x00000000c5000000, 0x00000000c4f00000| Untracked 
|  12|0x00000000c5000000, 0x00000000c5100000, 0x00000000c5100000|100%| O|  |TAMS 0x00000000c5100000, 0x00000000c5000000| Untracked 
|  13|0x00000000c5100000, 0x00000000c5200000, 0x00000000c5200000|100%| O|  |TAMS 0x00000000c5200000, 0x00000000c5100000| Untracked 
|  14|0x00000000c5200000, 0x00000000c5300000, 0x00000000c5300000|100%| O|  |TAMS 0x00000000c5300000, 0x00000000c5200000| Untracked 
|  15|0x00000000c5300000, 0x00000000c5400000, 0x00000000c5400000|100%| O|  |TAMS 0x00000000c5400000, 0x00000000c5300000| Untracked 
|  16|0x00000000c5400000, 0x00000000c5500000, 0x00000000c5500000|100%| O|  |TAMS 0x00000000c5500000, 0x00000000c5400000| Untracked 
|  17|0x00000000c5500000, 0x00000000c5600000, 0x00000000c5600000|100%| O|  |TAMS 0x00000000c5600000, 0x00000000c5500000| Untracked 
|  18|0x00000000c5600000, 0x00000000c5600000, 0x00000000c5700000|  0%| F|  |TAMS 0x00000000c5600000, 0x00000000c5600000| Untracked 
|  19|0x00000000c5700000, 0x00000000c5700000, 0x00000000c5800000|  0%| F|  |TAMS 0x00000000c5700000, 0x00000000c5700000| Untracked 
|  20|0x00000000c5800000, 0x00000000c5800000, 0x00000000c5900000|  0%| F|  |TAMS 0x00000000c5800000, 0x00000000c5800000| Untracked 
|  21|0x00000000c5900000, 0x00000000c5900000, 0x00000000c5a00000|  0%| F|  |TAMS 0x00000000c5900000, 0x00000000c5900000| Untracked 
|  22|0x00000000c5a00000, 0x00000000c5a00000, 0x00000000c5b00000|  0%| F|  |TAMS 0x00000000c5a00000, 0x00000000c5a00000| Untracked 
|  23|0x00000000c5b00000, 0x00000000c5b00000, 0x00000000c5c00000|  0%| F|  |TAMS 0x00000000c5b00000, 0x00000000c5b00000| Untracked 
|  24|0x00000000c5c00000, 0x00000000c5c00000, 0x00000000c5d00000|  0%| F|  |TAMS 0x00000000c5c00000, 0x00000000c5c00000| Untracked 
|  25|0x00000000c5d00000, 0x00000000c5d00000, 0x00000000c5e00000|  0%| F|  |TAMS 0x00000000c5d00000, 0x00000000c5d00000| Untracked 
|  26|0x00000000c5e00000, 0x00000000c5e00000, 0x00000000c5f00000|  0%| F|  |TAMS 0x00000000c5e00000, 0x00000000c5e00000| Untracked 
|  27|0x00000000c5f00000, 0x00000000c5f00000, 0x00000000c6000000|  0%| F|  |TAMS 0x00000000c5f00000, 0x00000000c5f00000| Untracked 
|  28|0x00000000c6000000, 0x00000000c6000000, 0x00000000c6100000|  0%| F|  |TAMS 0x00000000c6000000, 0x00000000c6000000| Untracked 
|  29|0x00000000c6100000, 0x00000000c6100000, 0x00000000c6200000|  0%| F|  |TAMS 0x00000000c6100000, 0x00000000c6100000| Untracked 
|  30|0x00000000c6200000, 0x00000000c6200000, 0x00000000c6300000|  0%| F|  |TAMS 0x00000000c6200000, 0x00000000c6200000| Untracked 
|  31|0x00000000c6300000, 0x00000000c6300000, 0x00000000c6400000|  0%| F|  |TAMS 0x00000000c6300000, 0x00000000c6300000| Untracked 
|  32|0x00000000c6400000, 0x00000000c6400000, 0x00000000c6500000|  0%| F|  |TAMS 0x00000000c6400000, 0x00000000c6400000| Untracked 
|  33|0x00000000c6500000, 0x00000000c6500000, 0x00000000c6600000|  0%| F|  |TAMS 0x00000000c6500000, 0x00000000c6500000| Untracked 
|  34|0x00000000c6600000, 0x00000000c6600000, 0x00000000c6700000|  0%| F|  |TAMS 0x00000000c6600000, 0x00000000c6600000| Untracked 
|  35|0x00000000c6700000, 0x00000000c6800000, 0x00000000c6800000|100%| S|CS|TAMS 0x00000000c6700000, 0x00000000c6700000| Complete 
|  36|0x00000000c6800000, 0x00000000c6900000, 0x00000000c6900000|100%| S|CS|TAMS 0x00000000c6800000, 0x00000000c6800000| Complete 
|  37|0x00000000c6900000, 0x00000000c6a00000, 0x00000000c6a00000|100%| S|CS|TAMS 0x00000000c6900000, 0x00000000c6900000| Complete 
|  38|0x00000000c6a00000, 0x00000000c6b00000, 0x00000000c6b00000|100%| S|CS|TAMS 0x00000000c6a00000, 0x00000000c6a00000| Complete 
|  39|0x00000000c6b00000, 0x00000000c6c00000, 0x00000000c6c00000|100%| S|CS|TAMS 0x00000000c6b00000, 0x00000000c6b00000| Complete 
|  40|0x00000000c6c00000, 0x00000000c6c00000, 0x00000000c6d00000|  0%| F|  |TAMS 0x00000000c6c00000, 0x00000000c6c00000| Untracked 
|  41|0x00000000c6d00000, 0x00000000c6d00000, 0x00000000c6e00000|  0%| F|  |TAMS 0x00000000c6d00000, 0x00000000c6d00000| Untracked 
|  42|0x00000000c6e00000, 0x00000000c6e00000, 0x00000000c6f00000|  0%| F|  |TAMS 0x00000000c6e00000, 0x00000000c6e00000| Untracked 
|  43|0x00000000c6f00000, 0x00000000c6f00000, 0x00000000c7000000|  0%| F|  |TAMS 0x00000000c6f00000, 0x00000000c6f00000| Untracked 
|  44|0x00000000c7000000, 0x00000000c7000000, 0x00000000c7100000|  0%| F|  |TAMS 0x00000000c7000000, 0x00000000c7000000| Untracked 
|  45|0x00000000c7100000, 0x00000000c7100000, 0x00000000c7200000|  0%| F|  |TAMS 0x00000000c7100000, 0x00000000c7100000| Untracked 
|  46|0x00000000c7200000, 0x00000000c7200000, 0x00000000c7300000|  0%| F|  |TAMS 0x00000000c7200000, 0x00000000c7200000| Untracked 
|  47|0x00000000c7300000, 0x00000000c7300000, 0x00000000c7400000|  0%| F|  |TAMS 0x00000000c7300000, 0x00000000c7300000| Untracked 
|  48|0x00000000c7400000, 0x00000000c7400000, 0x00000000c7500000|  0%| F|  |TAMS 0x00000000c7400000, 0x00000000c7400000| Untracked 
|  49|0x00000000c7500000, 0x00000000c7500000, 0x00000000c7600000|  0%| F|  |TAMS 0x00000000c7500000, 0x00000000c7500000| Untracked 
|  50|0x00000000c7600000, 0x00000000c7600000, 0x00000000c7700000|  0%| F|  |TAMS 0x00000000c7600000, 0x00000000c7600000| Untracked 
|  51|0x00000000c7700000, 0x00000000c7700000, 0x00000000c7800000|  0%| F|  |TAMS 0x00000000c7700000, 0x00000000c7700000| Untracked 
|  52|0x00000000c7800000, 0x00000000c7800000, 0x00000000c7900000|  0%| F|  |TAMS 0x00000000c7800000, 0x00000000c7800000| Untracked 
|  53|0x00000000c7900000, 0x00000000c7900000, 0x00000000c7a00000|  0%| F|  |TAMS 0x00000000c7900000, 0x00000000c7900000| Untracked 
|  54|0x00000000c7a00000, 0x00000000c7a00000, 0x00000000c7b00000|  0%| F|  |TAMS 0x00000000c7a00000, 0x00000000c7a00000| Untracked 
|  55|0x00000000c7b00000, 0x00000000c7b00000, 0x00000000c7c00000|  0%| F|  |TAMS 0x00000000c7b00000, 0x00000000c7b00000| Untracked 
|  56|0x00000000c7c00000, 0x00000000c7c00000, 0x00000000c7d00000|  0%| F|  |TAMS 0x00000000c7c00000, 0x00000000c7c00000| Untracked 
|  57|0x00000000c7d00000, 0x00000000c7d00000, 0x00000000c7e00000|  0%| F|  |TAMS 0x00000000c7d00000, 0x00000000c7d00000| Untracked 
|  58|0x00000000c7e00000, 0x00000000c7e00000, 0x00000000c7f00000|  0%| F|  |TAMS 0x00000000c7e00000, 0x00000000c7e00000| Untracked 
|  59|0x00000000c7f00000, 0x00000000c7f00000, 0x00000000c8000000|  0%| F|  |TAMS 0x00000000c7f00000, 0x00000000c7f00000| Untracked 
|  60|0x00000000c8000000, 0x00000000c8000000, 0x00000000c8100000|  0%| F|  |TAMS 0x00000000c8000000, 0x00000000c8000000| Untracked 
|  61|0x00000000c8100000, 0x00000000c8100000, 0x00000000c8200000|  0%| F|  |TAMS 0x00000000c8100000, 0x00000000c8100000| Untracked 
|  62|0x00000000c8200000, 0x00000000c8200000, 0x00000000c8300000|  0%| F|  |TAMS 0x00000000c8200000, 0x00000000c8200000| Untracked 
|  63|0x00000000c8300000, 0x00000000c8300000, 0x00000000c8400000|  0%| F|  |TAMS 0x00000000c8300000, 0x00000000c8300000| Untracked 
|  64|0x00000000c8400000, 0x00000000c8400000, 0x00000000c8500000|  0%| F|  |TAMS 0x00000000c8400000, 0x00000000c8400000| Untracked 
|  65|0x00000000c8500000, 0x00000000c8500000, 0x00000000c8600000|  0%| F|  |TAMS 0x00000000c8500000, 0x00000000c8500000| Untracked 
|  66|0x00000000c8600000, 0x00000000c8600000, 0x00000000c8700000|  0%| F|  |TAMS 0x00000000c8600000, 0x00000000c8600000| Untracked 
|  67|0x00000000c8700000, 0x00000000c8700000, 0x00000000c8800000|  0%| F|  |TAMS 0x00000000c8700000, 0x00000000c8700000| Untracked 
|  68|0x00000000c8800000, 0x00000000c8800000, 0x00000000c8900000|  0%| F|  |TAMS 0x00000000c8800000, 0x00000000c8800000| Untracked 
|  69|0x00000000c8900000, 0x00000000c8900000, 0x00000000c8a00000|  0%| F|  |TAMS 0x00000000c8900000, 0x00000000c8900000| Untracked 
|  70|0x00000000c8a00000, 0x00000000c8a00000, 0x00000000c8b00000|  0%| F|  |TAMS 0x00000000c8a00000, 0x00000000c8a00000| Untracked 
|  71|0x00000000c8b00000, 0x00000000c8b00000, 0x00000000c8c00000|  0%| F|  |TAMS 0x00000000c8b00000, 0x00000000c8b00000| Untracked 
|  72|0x00000000c8c00000, 0x00000000c8c00000, 0x00000000c8d00000|  0%| F|  |TAMS 0x00000000c8c00000, 0x00000000c8c00000| Untracked 
|  73|0x00000000c8d00000, 0x00000000c8d00000, 0x00000000c8e00000|  0%| F|  |TAMS 0x00000000c8d00000, 0x00000000c8d00000| Untracked 
|  74|0x00000000c8e00000, 0x00000000c8e00000, 0x00000000c8f00000|  0%| F|  |TAMS 0x00000000c8e00000, 0x00000000c8e00000| Untracked 
|  75|0x00000000c8f00000, 0x00000000c8f00000, 0x00000000c9000000|  0%| F|  |TAMS 0x00000000c8f00000, 0x00000000c8f00000| Untracked 
|  76|0x00000000c9000000, 0x00000000c9000000, 0x00000000c9100000|  0%| F|  |TAMS 0x00000000c9000000, 0x00000000c9000000| Untracked 
|  77|0x00000000c9100000, 0x00000000c9100000, 0x00000000c9200000|  0%| F|  |TAMS 0x00000000c9100000, 0x00000000c9100000| Untracked 
|  78|0x00000000c9200000, 0x00000000c9200000, 0x00000000c9300000|  0%| F|  |TAMS 0x00000000c9200000, 0x00000000c9200000| Untracked 
|  79|0x00000000c9300000, 0x00000000c9300000, 0x00000000c9400000|  0%| F|  |TAMS 0x00000000c9300000, 0x00000000c9300000| Untracked 
|  80|0x00000000c9400000, 0x00000000c9400000, 0x00000000c9500000|  0%| F|  |TAMS 0x00000000c9400000, 0x00000000c9400000| Untracked 
|  81|0x00000000c9500000, 0x00000000c9600000, 0x00000000c9600000|100%| E|  |TAMS 0x00000000c9500000, 0x00000000c9500000| Complete 
|  82|0x00000000c9600000, 0x00000000c9700000, 0x00000000c9700000|100%| E|CS|TAMS 0x00000000c9600000, 0x00000000c9600000| Complete 
|  83|0x00000000c9700000, 0x00000000c9800000, 0x00000000c9800000|100%| E|CS|TAMS 0x00000000c9700000, 0x00000000c9700000| Complete 
|  84|0x00000000c9800000, 0x00000000c9900000, 0x00000000c9900000|100%| E|CS|TAMS 0x00000000c9800000, 0x00000000c9800000| Complete 
|  85|0x00000000c9900000, 0x00000000c9a00000, 0x00000000c9a00000|100%| E|CS|TAMS 0x00000000c9900000, 0x00000000c9900000| Complete 
|  86|0x00000000c9a00000, 0x00000000c9b00000, 0x00000000c9b00000|100%| E|CS|TAMS 0x00000000c9a00000, 0x00000000c9a00000| Complete 
|  87|0x00000000c9b00000, 0x00000000c9c00000, 0x00000000c9c00000|100%| E|CS|TAMS 0x00000000c9b00000, 0x00000000c9b00000| Complete 
|  88|0x00000000c9c00000, 0x00000000c9d00000, 0x00000000c9d00000|100%| E|CS|TAMS 0x00000000c9c00000, 0x00000000c9c00000| Complete 
|  89|0x00000000c9d00000, 0x00000000c9e00000, 0x00000000c9e00000|100%| E|CS|TAMS 0x00000000c9d00000, 0x00000000c9d00000| Complete 
|  90|0x00000000c9e00000, 0x00000000c9f00000, 0x00000000c9f00000|100%| E|CS|TAMS 0x00000000c9e00000, 0x00000000c9e00000| Complete 
|  91|0x00000000c9f00000, 0x00000000ca000000, 0x00000000ca000000|100%| E|CS|TAMS 0x00000000c9f00000, 0x00000000c9f00000| Complete 
|  92|0x00000000ca000000, 0x00000000ca100000, 0x00000000ca100000|100%| E|CS|TAMS 0x00000000ca000000, 0x00000000ca000000| Complete 
|  93|0x00000000ca100000, 0x00000000ca200000, 0x00000000ca200000|100%| E|CS|TAMS 0x00000000ca100000, 0x00000000ca100000| Complete 
|  94|0x00000000ca200000, 0x00000000ca300000, 0x00000000ca300000|100%| E|CS|TAMS 0x00000000ca200000, 0x00000000ca200000| Complete 
|  95|0x00000000ca300000, 0x00000000ca400000, 0x00000000ca400000|100%| E|CS|TAMS 0x00000000ca300000, 0x00000000ca300000| Complete 
|  96|0x00000000ca400000, 0x00000000ca500000, 0x00000000ca500000|100%| E|CS|TAMS 0x00000000ca400000, 0x00000000ca400000| Complete 
|  97|0x00000000ca500000, 0x00000000ca600000, 0x00000000ca600000|100%| E|CS|TAMS 0x00000000ca500000, 0x00000000ca500000| Complete 
|  98|0x00000000ca600000, 0x00000000ca700000, 0x00000000ca700000|100%| E|CS|TAMS 0x00000000ca600000, 0x00000000ca600000| Complete 
|  99|0x00000000ca700000, 0x00000000ca800000, 0x00000000ca800000|100%| E|CS|TAMS 0x00000000ca700000, 0x00000000ca700000| Complete 
| 100|0x00000000ca800000, 0x00000000ca900000, 0x00000000ca900000|100%| E|CS|TAMS 0x00000000ca800000, 0x00000000ca800000| Complete 
| 101|0x00000000ca900000, 0x00000000caa00000, 0x00000000caa00000|100%| E|CS|TAMS 0x00000000ca900000, 0x00000000ca900000| Complete 
| 102|0x00000000caa00000, 0x00000000cab00000, 0x00000000cab00000|100%| E|CS|TAMS 0x00000000caa00000, 0x00000000caa00000| Complete 
| 103|0x00000000cab00000, 0x00000000cac00000, 0x00000000cac00000|100%| E|CS|TAMS 0x00000000cab00000, 0x00000000cab00000| Complete 
| 104|0x00000000cac00000, 0x00000000cad00000, 0x00000000cad00000|100%| E|CS|TAMS 0x00000000cac00000, 0x00000000cac00000| Complete 
| 105|0x00000000cad00000, 0x00000000cae00000, 0x00000000cae00000|100%| E|CS|TAMS 0x00000000cad00000, 0x00000000cad00000| Complete 
| 106|0x00000000cae00000, 0x00000000caf00000, 0x00000000caf00000|100%| E|CS|TAMS 0x00000000cae00000, 0x00000000cae00000| Complete 
| 107|0x00000000caf00000, 0x00000000cb000000, 0x00000000cb000000|100%| E|CS|TAMS 0x00000000caf00000, 0x00000000caf00000| Complete 
| 108|0x00000000cb000000, 0x00000000cb100000, 0x00000000cb100000|100%| E|CS|TAMS 0x00000000cb000000, 0x00000000cb000000| Complete 
| 109|0x00000000cb100000, 0x00000000cb200000, 0x00000000cb200000|100%| E|CS|TAMS 0x00000000cb100000, 0x00000000cb100000| Complete 
| 110|0x00000000cb200000, 0x00000000cb300000, 0x00000000cb300000|100%| E|CS|TAMS 0x00000000cb200000, 0x00000000cb200000| Complete 
| 111|0x00000000cb300000, 0x00000000cb400000, 0x00000000cb400000|100%| E|CS|TAMS 0x00000000cb300000, 0x00000000cb300000| Complete 
| 112|0x00000000cb400000, 0x00000000cb500000, 0x00000000cb500000|100%| E|CS|TAMS 0x00000000cb400000, 0x00000000cb400000| Complete 
| 113|0x00000000cb500000, 0x00000000cb600000, 0x00000000cb600000|100%| E|CS|TAMS 0x00000000cb500000, 0x00000000cb500000| Complete 
| 114|0x00000000cb600000, 0x00000000cb700000, 0x00000000cb700000|100%| E|CS|TAMS 0x00000000cb600000, 0x00000000cb600000| Complete 
| 115|0x00000000cb700000, 0x00000000cb800000, 0x00000000cb800000|100%| E|CS|TAMS 0x00000000cb700000, 0x00000000cb700000| Complete 
| 116|0x00000000cb800000, 0x00000000cb900000, 0x00000000cb900000|100%| E|CS|TAMS 0x00000000cb800000, 0x00000000cb800000| Complete 
| 117|0x00000000cb900000, 0x00000000cba00000, 0x00000000cba00000|100%| E|CS|TAMS 0x00000000cb900000, 0x00000000cb900000| Complete 
| 118|0x00000000cba00000, 0x00000000cbb00000, 0x00000000cbb00000|100%| E|CS|TAMS 0x00000000cba00000, 0x00000000cba00000| Complete 
| 119|0x00000000cbb00000, 0x00000000cbc00000, 0x00000000cbc00000|100%| E|CS|TAMS 0x00000000cbb00000, 0x00000000cbb00000| Complete 
| 120|0x00000000cbc00000, 0x00000000cbd00000, 0x00000000cbd00000|100%| E|CS|TAMS 0x00000000cbc00000, 0x00000000cbc00000| Complete 
| 121|0x00000000cbd00000, 0x00000000cbe00000, 0x00000000cbe00000|100%| E|CS|TAMS 0x00000000cbd00000, 0x00000000cbd00000| Complete 
| 954|0x00000000ffe00000, 0x00000000ffe47000, 0x00000000fff00000| 27%|OA|  |TAMS 0x00000000ffe47000, 0x00000000ffe00000| Untracked 
| 955|0x00000000fff00000, 0x00000000fff6a000, 0x0000000100000000| 41%|CA|  |TAMS 0x00000000fff6a000, 0x00000000fff00000| Untracked 

Card table byte_map: [0x00007f07c7204000,0x00007f07c73e2000] _byte_map_base: 0x00007f07c6be2000

Marking Bits (Prev, Next): (CMBitMap*) 0x00007f07e0047d60, (CMBitMap*) 0x00007f07e0047d28
 Prev Bits: [0x00007f07c5246000, 0x00007f07c6136000)
 Next Bits: [0x00007f07c6136000, 0x00007f07c7026000)

Polling page: 0x00007f07e7a41000

Metaspace:

Usage:
  Non-class:     35,65 MB capacity,    34,72 MB ( 97%) used,   766,54 KB (  2%) free+waste,   183,38 KB ( <1%) overhead. 
      Class:      5,97 MB capacity,     5,37 MB ( 90%) used,   527,69 KB (  9%) free+waste,    90,31 KB (  1%) overhead. 
       Both:     41,63 MB capacity,    40,09 MB ( 96%) used,     1,26 MB (  3%) free+waste,   273,69 KB ( <1%) overhead. 

Virtual space:
  Non-class space:       36,00 MB reserved,      35,95 MB (>99%) committed 
      Class space:        1,00 GB reserved,       6,00 MB ( <1%) committed 
             Both:        1,04 GB reserved,      41,95 MB (  4%) committed 

Chunk freelists:
   Non-Class:  57,00 KB
       Class:  26,00 KB
        Both:  83,00 KB

MaxMetaspaceSize: unlimited
CompressedClassSpaceSize: 1,00 GB

CodeHeap 'non-profiled nmethods': size=238384Kb used=11092Kb max_used=11092Kb free=227291Kb
 bounds [0x00007f07c85fe000, 0x00007f07c90de000, 0x00007f07d6eca000]
CodeHeap 'non-nmethods': size=7376Kb used=1270Kb max_used=1270Kb free=6105Kb
 bounds [0x00007f07c7eca000, 0x00007f07c813a000, 0x00007f07c85fe000]
 total_blobs=6653 nmethods=6069 adapters=485
 compilation: enabled
              stopped_count=0, restarted_count=0
 full_count=0

Compilation events (20 events):
Event: 184,411 Thread 0x00007f07e0144000 6077       1       com.sun.crypto.provider.CipherCore::checkReinit (18 bytes)
Event: 184,411 Thread 0x00007f07e0144000 nmethod 6077 0x00007f07c90cf690 code [0x00007f07c90cf860, 0x00007f07c90cfa68]
Event: 184,780 Thread 0x00007f07e0144000 6078       1       org.bson.BsonDocument::entrySet (10 bytes)
Event: 184,781 Thread 0x00007f07e0144000 nmethod 6078 0x00007f07c90cfb10 code [0x00007f07c90cfcc0, 0x00007f07c90cfe28]
Event: 195,127 Thread 0x00007f07e0144000 6079       1       com.mongodb.connection.ServerId::getAddress (5 bytes)
Event: 195,127 Thread 0x00007f07e0144000 nmethod 6079 0x00007f07c90cfe90 code [0x00007f07c90d0040, 0x00007f07c90d0170]
Event: 195,127 Thread 0x00007f07e0144000 6080       1       com.mongodb.ServerAddress::hashCode (20 bytes)
Event: 195,128 Thread 0x00007f07e0144000 nmethod 6080 0x00007f07c90d0210 code [0x00007f07c90d03c0, 0x00007f07c90d0528]
Event: 195,440 Thread 0x00007f07e0144000 6081       1       java.nio.channels.spi.AbstractSelector::begin (48 bytes)
Event: 195,441 Thread 0x00007f07e0144000 nmethod 6081 0x00007f07c90d0610 code [0x00007f07c90d0800, 0x00007f07c90d0db8]
Event: 198,223 Thread 0x00007f07e0144000 6083       1       java.util.concurrent.ThreadPoolExecutor$Worker::unlock (7 bytes)
Event: 198,224 Thread 0x00007f07e0144000 nmethod 6083 0x00007f07c90d1410 code [0x00007f07c90d15c0, 0x00007f07c90d1788]
Event: 198,224 Thread 0x00007f07e0144000 6084       1       java.util.concurrent.ThreadPoolExecutor$Worker::tryRelease (12 bytes)
Event: 198,226 Thread 0x00007f07e0144000 nmethod 6084 0x00007f07c90d1890 code [0x00007f07c90d1a40, 0x00007f07c90d1bb0]
Event: 198,226 Thread 0x00007f07e0144000 6085   !   1       java.util.concurrent.ThreadPoolExecutor::getTask (177 bytes)
Event: 198,230 Thread 0x00007f07e0144000 nmethod 6085 0x00007f07c90d1c10 code [0x00007f07c90d1e20, 0x00007f07c90d2398]
Event: 198,230 Thread 0x00007f07e0144000 6086       1       java.util.concurrent.locks.AbstractQueuedSynchronizer::acquireInterruptibly (28 bytes)
Event: 198,231 Thread 0x00007f07e0144000 nmethod 6086 0x00007f07c90d2690 code [0x00007f07c90d2880, 0x00007f07c90d2b18]
Event: 199,222 Thread 0x00007f07e0144000 6087       1       java.util.concurrent.locks.ReentrantLock::lockInterruptibly (9 bytes)
Event: 199,223 Thread 0x00007f07e0144000 nmethod 6087 0x00007f07c90d2c90 code [0x00007f07c90d2e80, 0x00007f07c90d3118]

GC Heap History (20 events):
Event: 1,108 GC heap before
{Heap before GC invocations=3 (full 0):
 garbage-first heap   total 63488K, used 36655K [0x00000000c4400000, 0x0000000100000000)
  region size 1024K, 31 young (31744K), 3 survivors (3072K)
 Metaspace       used 13697K, capacity 14303K, committed 14592K, reserved 1062912K
  class space    used 1719K, capacity 1975K, committed 2048K, reserved 1048576K
}
Event: 1,111 GC heap after
{Heap after GC invocations=4 (full 0):
 garbage-first heap   total 63488K, used 9331K [0x00000000c4400000, 0x0000000100000000)
  region size 1024K, 2 young (2048K), 2 survivors (2048K)
 Metaspace       used 13697K, capacity 14303K, committed 14592K, reserved 1062912K
  class space    used 1719K, capacity 1975K, committed 2048K, reserved 1048576K
}
Event: 1,305 GC heap before
{Heap before GC invocations=4 (full 0):
 garbage-first heap   total 63488K, used 41075K [0x00000000c4400000, 0x0000000100000000)
  region size 1024K, 33 young (33792K), 2 survivors (2048K)
 Metaspace       used 16093K, capacity 16876K, committed 17024K, reserved 1064960K
  class space    used 2049K, capacity 2340K, committed 2432K, reserved 1048576K
}
Event: 1,309 GC heap after
{Heap after GC invocations=5 (full 0):
 garbage-first heap   total 78848K, used 9717K [0x00000000c4400000, 0x0000000100000000)
  region size 1024K, 2 young (2048K), 2 survivors (2048K)
 Metaspace       used 16093K, capacity 16876K, committed 17024K, reserved 1064960K
  class space    used 2049K, capacity 2340K, committed 2432K, reserved 1048576K
}
Event: 1,696 GC heap before
{Heap before GC invocations=5 (full 0):
 garbage-first heap   total 78848K, used 52725K [0x00000000c4400000, 0x0000000100000000)
  region size 1024K, 45 young (46080K), 2 survivors (2048K)
 Metaspace       used 17260K, capacity 18059K, committed 18176K, reserved 1064960K
  class space    used 2200K, capacity 2501K, committed 2560K, reserved 1048576K
}
Event: 1,708 GC heap after
{Heap after GC invocations=6 (full 0):
 garbage-first heap   total 78848K, used 11914K [0x00000000c4400000, 0x0000000100000000)
  region size 1024K, 4 young (4096K), 4 survivors (4096K)
 Metaspace       used 17260K, capacity 18059K, committed 18176K, reserved 1064960K
  class space    used 2200K, capacity 2501K, committed 2560K, reserved 1048576K
}
Event: 2,103 GC heap before
{Heap before GC invocations=6 (full 0):
 garbage-first heap   total 78848K, used 54922K [0x00000000c4400000, 0x0000000100000000)
  region size 1024K, 46 young (47104K), 4 survivors (4096K)
 Metaspace       used 19236K, capacity 20064K, committed 20352K, reserved 1067008K
  class space    used 2503K, capacity 2841K, committed 2944K, reserved 1048576K
}
Event: 2,114 GC heap after
{Heap after GC invocations=7 (full 0):
 garbage-first heap   total 78848K, used 12237K [0x00000000c4400000, 0x0000000100000000)
  region size 1024K, 4 young (4096K), 4 survivors (4096K)
 Metaspace       used 19236K, capacity 20064K, committed 20352K, reserved 1067008K
  class space    used 2503K, capacity 2841K, committed 2944K, reserved 1048576K
}
Event: 2,260 GC heap before
{Heap before GC invocations=7 (full 0):
 garbage-first heap   total 78848K, used 28621K [0x00000000c4400000, 0x0000000100000000)
  region size 1024K, 21 young (21504K), 4 survivors (4096K)
 Metaspace       used 20286K, capacity 21145K, committed 21248K, reserved 1067008K
  class space    used 2663K, capacity 2989K, committed 3072K, reserved 1048576K
}
Event: 2,269 GC heap after
{Heap after GC invocations=8 (full 0):
 garbage-first heap   total 78848K, used 12649K [0x00000000c4400000, 0x0000000100000000)
  region size 1024K, 3 young (3072K), 3 survivors (3072K)
 Metaspace       used 20286K, capacity 21145K, committed 21248K, reserved 1067008K
  class space    used 2663K, capacity 2989K, committed 3072K, reserved 1048576K
}
Event: 2,559 GC heap before
{Heap before GC invocations=9 (full 0):
 garbage-first heap   total 78848K, used 56681K [0x00000000c4400000, 0x0000000100000000)
  region size 1024K, 46 young (47104K), 3 survivors (3072K)
 Metaspace       used 23567K, capacity 24606K, committed 24832K, reserved 1071104K
  class space    used 3130K, capacity 3524K, committed 3584K, reserved 1048576K
}
Event: 2,569 GC heap after
{Heap after GC invocations=10 (full 0):
 garbage-first heap   total 105472K, used 14334K [0x00000000c4400000, 0x0000000100000000)
  region size 1024K, 5 young (5120K), 5 survivors (5120K)
 Metaspace       used 23567K, capacity 24606K, committed 24832K, reserved 1071104K
  class space    used 3130K, capacity 3524K, committed 3584K, reserved 1048576K
}
Event: 2,826 GC heap before
{Heap before GC invocations=10 (full 0):
 garbage-first heap   total 105472K, used 67582K [0x00000000c4400000, 0x0000000100000000)
  region size 1024K, 57 young (58368K), 5 survivors (5120K)
 Metaspace       used 26018K, capacity 27087K, committed 27392K, reserved 1073152K
  class space    used 3413K, capacity 3839K, committed 3840K, reserved 1048576K
}
Event: 2,833 GC heap after
{Heap after GC invocations=11 (full 0):
 garbage-first heap   total 105472K, used 16030K [0x00000000c4400000, 0x0000000100000000)
  region size 1024K, 6 young (6144K), 6 survivors (6144K)
 Metaspace       used 26018K, capacity 27087K, committed 27392K, reserved 1073152K
  class space    used 3413K, capacity 3839K, committed 3840K, reserved 1048576K
}
Event: 3,322 GC heap before
{Heap before GC invocations=11 (full 0):
 garbage-first heap   total 105472K, used 71326K [0x00000000c4400000, 0x0000000100000000)
  region size 1024K, 61 young (62464K), 6 survivors (6144K)
 Metaspace       used 30940K, capacity 32202K, committed 32384K, reserved 1077248K
  class space    used 4145K, capacity 4665K, committed 4736K, reserved 1048576K
}
Event: 3,329 GC heap after
{Heap after GC invocations=12 (full 0):
 garbage-first heap   total 105472K, used 19181K [0x00000000c4400000, 0x0000000100000000)
  region size 1024K, 8 young (8192K), 8 survivors (8192K)
 Metaspace       used 30940K, capacity 32202K, committed 32384K, reserved 1077248K
  class space    used 4145K, capacity 4665K, committed 4736K, reserved 1048576K
}
Event: 3,682 GC heap before
{Heap before GC invocations=12 (full 0):
 garbage-first heap   total 105472K, used 59117K [0x00000000c4400000, 0x0000000100000000)
  region size 1024K, 48 young (49152K), 8 survivors (8192K)
 Metaspace       used 34398K, capacity 35813K, committed 35840K, reserved 1079296K
  class space    used 4564K, capacity 5096K, committed 5120K, reserved 1048576K
}
Event: 3,692 GC heap after
{Heap after GC invocations=13 (full 0):
 garbage-first heap   total 105472K, used 21462K [0x00000000c4400000, 0x0000000100000000)
  region size 1024K, 6 young (6144K), 6 survivors (6144K)
 Metaspace       used 34398K, capacity 35813K, committed 35840K, reserved 1079296K
  class space    used 4564K, capacity 5096K, committed 5120K, reserved 1048576K
}
Event: 4,239 GC heap before
{Heap before GC invocations=14 (full 0):
 garbage-first heap   total 105472K, used 77782K [0x00000000c4400000, 0x0000000100000000)
  region size 1024K, 61 young (62464K), 6 survivors (6144K)
 Metaspace       used 38811K, capacity 40350K, committed 40652K, reserved 1083392K
  class space    used 5172K, capacity 5813K, committed 5888K, reserved 1048576K
}
Event: 4,254 GC heap after
{Heap after GC invocations=15 (full 0):
 garbage-first heap   total 126976K, used 24260K [0x00000000c4400000, 0x0000000100000000)
  region size 1024K, 5 young (5120K), 5 survivors (5120K)
 Metaspace       used 38811K, capacity 40350K, committed 40652K, reserved 1083392K
  class space    used 5172K, capacity 5813K, committed 5888K, reserved 1048576K
}

Deoptimization events (20 events):
Event: 4,646 Thread 0x00007f07e0018800 DEOPT PACKING pc=0x00007f07c8887df4 sp=0x00007f07e7a1e9b0
Event: 4,646 Thread 0x00007f07e0018800 DEOPT UNPACKING pc=0x00007f07c7f0303a sp=0x00007f07e7a1dec0 mode 1
Event: 4,646 Thread 0x00007f07e0018800 DEOPT PACKING pc=0x00007f07c8856f24 sp=0x00007f07e7a1e180
Event: 4,646 Thread 0x00007f07e0018800 DEOPT UNPACKING pc=0x00007f07c7f0303a sp=0x00007f07e7a1d638 mode 1
Event: 4,646 Thread 0x00007f07e0018800 DEOPT PACKING pc=0x00007f07c88535bc sp=0x00007f07e7a1e250
Event: 4,646 Thread 0x00007f07e0018800 DEOPT UNPACKING pc=0x00007f07c7f0303a sp=0x00007f07e7a1d728 mode 1
Event: 4,646 Thread 0x00007f07e0018800 DEOPT PACKING pc=0x00007f07c8887df4 sp=0x00007f07e7a1ea40
Event: 4,646 Thread 0x00007f07e0018800 DEOPT UNPACKING pc=0x00007f07c7f0303a sp=0x00007f07e7a1df38 mode 1
Event: 4,646 Thread 0x00007f07e0018800 DEOPT PACKING pc=0x00007f07c89bf524 sp=0x00007f07e7a1eae0
Event: 4,646 Thread 0x00007f07e0018800 DEOPT UNPACKING pc=0x00007f07c7f0303a sp=0x00007f07e7a1e098 mode 1
Event: 4,646 Thread 0x00007f07e0018800 DEOPT PACKING pc=0x00007f07c8856f24 sp=0x00007f07e7a1e230
Event: 4,646 Thread 0x00007f07e0018800 DEOPT UNPACKING pc=0x00007f07c7f0303a sp=0x00007f07e7a1d6e8 mode 1
Event: 4,646 Thread 0x00007f07e0018800 DEOPT PACKING pc=0x00007f07c88535bc sp=0x00007f07e7a1e300
Event: 4,646 Thread 0x00007f07e0018800 DEOPT UNPACKING pc=0x00007f07c7f0303a sp=0x00007f07e7a1d7d8 mode 1
Event: 4,646 Thread 0x00007f07e0018800 DEOPT PACKING pc=0x00007f07c8887df4 sp=0x00007f07e7a1eaf0
Event: 4,646 Thread 0x00007f07e0018800 DEOPT UNPACKING pc=0x00007f07c7f0303a sp=0x00007f07e7a1e000 mode 1
Event: 5,060 Thread 0x00007f0740036000 DEOPT PACKING pc=0x00007f07c8efe914 sp=0x00007f077dde44a0
Event: 5,061 Thread 0x00007f0740036000 DEOPT UNPACKING pc=0x00007f07c7f0303a sp=0x00007f077dde3a60 mode 1
Event: 5,062 Thread 0x00007f0740036000 DEOPT PACKING pc=0x00007f07c8efe914 sp=0x00007f077dde44a0
Event: 5,062 Thread 0x00007f0740036000 DEOPT UNPACKING pc=0x00007f07c7f0303a sp=0x00007f077dde3a60 mode 1

Classes redefined (0 events):
No events

Internal exceptions (20 events):
Event: 4,434 Thread 0x00007f07e0018800 Exception <a 'java/lang/ClassNotFoundException'{0x00000000caecc290}: javax/servlet/SessionCookieConfigBeanInfo> (0x00000000caecc290) thrown at [/build/openjdk-lts-iuKaMP/openjdk-lts-11.0.6+10/src/hotspot/share/classfile/systemDictionary.cpp, line 231]
Event: 4,434 Thread 0x00007f07e0018800 Exception <a 'java/lang/ClassNotFoundException'{0x00000000caed6d20}: javax/servlet/SessionCookieConfigCustomizer> (0x00000000caed6d20) thrown at [/build/openjdk-lts-iuKaMP/openjdk-lts-11.0.6+10/src/hotspot/share/classfile/systemDictionary.cpp, line 231]
Event: 4,437 Thread 0x00007f07e0018800 Exception <a 'java/lang/ClassNotFoundException'{0x00000000cad19aa8}: java/util/SetBeanInfo> (0x00000000cad19aa8) thrown at [/build/openjdk-lts-iuKaMP/openjdk-lts-11.0.6+10/src/hotspot/share/classfile/systemDictionary.cpp, line 231]
Event: 4,437 Thread 0x00007f07e0018800 Exception <a 'java/lang/ClassNotFoundException'{0x00000000cad1a7b8}: java/util/SetCustomizer> (0x00000000cad1a7b8) thrown at [/build/openjdk-lts-iuKaMP/openjdk-lts-11.0.6+10/src/hotspot/share/classfile/systemDictionary.cpp, line 231]
Event: 4,439 Thread 0x00007f07e0018800 Exception <a 'java/lang/ClassNotFoundException'{0x00000000cad54ca0}: javax/servlet/descriptor/JspConfigDescriptorBeanInfo> (0x00000000cad54ca0) thrown at [/build/openjdk-lts-iuKaMP/openjdk-lts-11.0.6+10/src/hotspot/share/classfile/systemDictionary.cpp, li
Event: 4,439 Thread 0x00007f07e0018800 Exception <a 'java/lang/ClassNotFoundException'{0x00000000cad605c0}: javax/servlet/descriptor/JspConfigDescriptorCustomizer> (0x00000000cad605c0) thrown at [/build/openjdk-lts-iuKaMP/openjdk-lts-11.0.6+10/src/hotspot/share/classfile/systemDictionary.cpp, 
Event: 4,440 Thread 0x00007f07e0018800 Exception <a 'java/lang/ClassNotFoundException'{0x00000000cad74100}: java/util/CollectionBeanInfo> (0x00000000cad74100) thrown at [/build/openjdk-lts-iuKaMP/openjdk-lts-11.0.6+10/src/hotspot/share/classfile/systemDictionary.cpp, line 231]
Event: 4,440 Thread 0x00007f07e0018800 Exception <a 'java/lang/ClassNotFoundException'{0x00000000cad74e40}: java/util/CollectionCustomizer> (0x00000000cad74e40) thrown at [/build/openjdk-lts-iuKaMP/openjdk-lts-11.0.6+10/src/hotspot/share/classfile/systemDictionary.cpp, line 231]
Event: 4,442 Thread 0x00007f07e0018800 Exception <a 'java/lang/ClassNotFoundException'{0x00000000cad9e800}: javax/servlet/descriptor/TaglibDescriptorBeanInfo> (0x00000000cad9e800) thrown at [/build/openjdk-lts-iuKaMP/openjdk-lts-11.0.6+10/src/hotspot/share/classfile/systemDictionary.cpp, line 
Event: 4,442 Thread 0x00007f07e0018800 Exception <a 'java/lang/ClassNotFoundException'{0x00000000cada9f48}: javax/servlet/descriptor/TaglibDescriptorCustomizer> (0x00000000cada9f48) thrown at [/build/openjdk-lts-iuKaMP/openjdk-lts-11.0.6+10/src/hotspot/share/classfile/systemDictionary.cpp, lin
Event: 4,443 Thread 0x00007f07e0018800 Exception <a 'java/lang/ClassNotFoundException'{0x00000000cadbc3d0}: javax/servlet/descriptor/JspPropertyGroupDescriptorBeanInfo> (0x00000000cadbc3d0) thrown at [/build/openjdk-lts-iuKaMP/openjdk-lts-11.0.6+10/src/hotspot/share/classfile/systemDictionary.
Event: 4,443 Thread 0x00007f07e0018800 Exception <a 'java/lang/ClassNotFoundException'{0x00000000cadc8868}: javax/servlet/descriptor/JspPropertyGroupDescriptorCustomizer> (0x00000000cadc8868) thrown at [/build/openjdk-lts-iuKaMP/openjdk-lts-11.0.6+10/src/hotspot/share/classfile/systemDictionar
Event: 4,448 Thread 0x00007f07e0018800 Exception <a 'java/lang/ClassNotFoundException'{0x00000000cac4d848}: javax/servlet/http/HttpSessionContextBeanInfo> (0x00000000cac4d848) thrown at [/build/openjdk-lts-iuKaMP/openjdk-lts-11.0.6+10/src/hotspot/share/classfile/systemDictionary.cpp, line 231]
Event: 4,448 Thread 0x00007f07e0018800 Exception <a 'java/lang/ClassNotFoundException'{0x00000000cac58558}: javax/servlet/http/HttpSessionContextCustomizer> (0x00000000cac58558) thrown at [/build/openjdk-lts-iuKaMP/openjdk-lts-11.0.6+10/src/hotspot/share/classfile/systemDictionary.cpp, line 23
Event: 4,449 Thread 0x00007f07e0018800 Exception <a 'java/lang/ClassNotFoundException'{0x00000000cac60910}: [Ljava/lang/String;BeanInfo> (0x00000000cac60910) thrown at [/build/openjdk-lts-iuKaMP/openjdk-lts-11.0.6+10/src/hotspot/share/prims/jni.cpp, line 636]
Event: 4,449 Thread 0x00007f07e0018800 Exception <a 'java/lang/ClassNotFoundException'{0x00000000cac60ed0}: [Ljava/lang/String;BeanInfo> (0x00000000cac60ed0) thrown at [/build/openjdk-lts-iuKaMP/openjdk-lts-11.0.6+10/src/hotspot/share/prims/jni.cpp, line 636]
Event: 4,449 Thread 0x00007f07e0018800 Exception <a 'java/lang/ClassNotFoundException'{0x00000000cac61c10}: java/lang/ObjectBeanInfo> (0x00000000cac61c10) thrown at [/build/openjdk-lts-iuKaMP/openjdk-lts-11.0.6+10/src/hotspot/share/classfile/systemDictionary.cpp, line 231]
Event: 4,449 Thread 0x00007f07e0018800 Exception <a 'java/lang/ClassNotFoundException'{0x00000000cac62928}: java/lang/ObjectCustomizer> (0x00000000cac62928) thrown at [/build/openjdk-lts-iuKaMP/openjdk-lts-11.0.6+10/src/hotspot/share/classfile/systemDictionary.cpp, line 231]
Event: 4,449 Thread 0x00007f07e0018800 Exception <a 'java/lang/ClassNotFoundException'{0x00000000cac664f8}: [Ljava/lang/String;Customizer> (0x00000000cac664f8) thrown at [/build/openjdk-lts-iuKaMP/openjdk-lts-11.0.6+10/src/hotspot/share/prims/jni.cpp, line 636]
Event: 4,449 Thread 0x00007f07e0018800 Exception <a 'java/lang/ClassNotFoundException'{0x00000000cac66ab8}: [Ljava/lang/String;Customizer> (0x00000000cac66ab8) thrown at [/build/openjdk-lts-iuKaMP/openjdk-lts-11.0.6+10/src/hotspot/share/prims/jni.cpp, line 636]

Events (20 events):
Event: 12,746 Executing VM operation: RevokeBias done
Event: 12,746 Executing VM operation: RevokeBias
Event: 12,746 Executing VM operation: RevokeBias done
Event: 12,746 loading class org/apache/tomcat/PeriodicEventListener
Event: 12,746 loading class org/apache/tomcat/PeriodicEventListener done
Event: 12,747 Executing VM operation: RevokeBias
Event: 12,747 Executing VM operation: RevokeBias done
Event: 12,747 Executing VM operation: RevokeBias
Event: 12,747 Executing VM operation: RevokeBias done
Event: 62,750 loading class org/apache/catalina/Session
Event: 62,750 loading class org/apache/catalina/Session done
Event: 63,137 Executing VM operation: RevokeBias
Event: 63,137 Executing VM operation: RevokeBias done
Event: 63,137 Thread 0x00007f07e13cc800 Thread exited: 0x00007f07e13cc800
Event: 195,440 Loaded shared library /usr/lib/jvm/java-11-openjdk-amd64/lib/libnio.so
Event: 195,488 Loaded shared library /usr/lib/jvm/java-11-openjdk-amd64/lib/libnio.so
Event: 195,488 Loaded shared library /usr/lib/jvm/java-11-openjdk-amd64/lib/libnio.so
Event: 195,488 Loaded shared library /usr/lib/jvm/java-11-openjdk-amd64/lib/libnio.so
Event: 200,877 Thread 0x00007f0788001800 Thread exited: 0x00007f0788001800
Event: 201,031 loading class sun/rmi/transport/tcp/TCPTransport$ConnectionHandler


Dynamic libraries:
c4400000-cbe00000 rw-p 00000000 00:00 0 
cbe00000-ffe00000 ---p 00000000 00:00 0 
ffe00000-ffe47000 rw-p 01105000 08:06 6043766                            /usr/lib/jvm/java-11-openjdk-amd64/lib/server/classes.jsa
ffe47000-fff00000 rw-p 00000000 00:00 0 
fff00000-fff6a000 rw-p 0109b000 08:06 6043766                            /usr/lib/jvm/java-11-openjdk-amd64/lib/server/classes.jsa
fff6a000-100000000 rw-p 00000000 00:00 0 
800000000-800002000 rwxp 00001000 08:06 6043766                          /usr/lib/jvm/java-11-openjdk-amd64/lib/server/classes.jsa
800002000-80109a000 rw-p 00003000 08:06 6043766                          /usr/lib/jvm/java-11-openjdk-amd64/lib/server/classes.jsa
840000000-840600000 rw-p 00000000 00:00 0 
840600000-880000000 ---p 00000000 00:00 0 
562926a29000-562926a2a000 r-xp 00000000 08:06 6043262                    /usr/lib/jvm/java-11-openjdk-amd64/bin/java
562926c2a000-562926c2b000 r--p 00001000 08:06 6043262                    /usr/lib/jvm/java-11-openjdk-amd64/bin/java
562926c2b000-562926c2c000 rw-p 00002000 08:06 6043262                    /usr/lib/jvm/java-11-openjdk-amd64/bin/java
562927de4000-562927e05000 rw-p 00000000 00:00 0                          [heap]
7f06f4000000-7f06f4021000 rw-p 00000000 00:00 0 
7f06f4021000-7f06f8000000 ---p 00000000 00:00 0 
7f06fc000000-7f06fc021000 rw-p 00000000 00:00 0 
7f06fc021000-7f0700000000 ---p 00000000 00:00 0 
7f0703bfe000-7f0703dfe000 rw-p 00000000 00:00 0 
7f0703dfe000-7f0703e02000 ---p 00000000 00:00 0 
7f0703e02000-7f0703eff000 rw-p 00000000 00:00 0 
7f0703eff000-7f0703f03000 ---p 00000000 00:00 0 
7f0703f03000-7f0704000000 rw-p 00000000 00:00 0 
7f0704000000-7f0704021000 rw-p 00000000 00:00 0 
7f0704021000-7f0708000000 ---p 00000000 00:00 0 
7f0708000000-7f0708021000 rw-p 00000000 00:00 0 
7f0708021000-7f070c000000 ---p 00000000 00:00 0 
7f070c000000-7f070c021000 rw-p 00000000 00:00 0 
7f070c021000-7f0710000000 ---p 00000000 00:00 0 
7f0710000000-7f0710021000 rw-p 00000000 00:00 0 
7f0710021000-7f0714000000 ---p 00000000 00:00 0 
7f0714000000-7f0714021000 rw-p 00000000 00:00 0 
7f0714021000-7f0718000000 ---p 00000000 00:00 0 
7f0718000000-7f0718021000 rw-p 00000000 00:00 0 
7f0718021000-7f071c000000 ---p 00000000 00:00 0 
7f071c000000-7f071c021000 rw-p 00000000 00:00 0 
7f071c021000-7f0720000000 ---p 00000000 00:00 0 
7f0720000000-7f0720021000 rw-p 00000000 00:00 0 
7f0720021000-7f0724000000 ---p 00000000 00:00 0 
7f0724000000-7f0724021000 rw-p 00000000 00:00 0 
7f0724021000-7f0728000000 ---p 00000000 00:00 0 
7f0728000000-7f0728021000 rw-p 00000000 00:00 0 
7f0728021000-7f072c000000 ---p 00000000 00:00 0 
7f072c000000-7f072c072000 rw-p 00000000 00:00 0 
7f072c072000-7f0730000000 ---p 00000000 00:00 0 
7f0730000000-7f0730021000 rw-p 00000000 00:00 0 
7f0730021000-7f0734000000 ---p 00000000 00:00 0 
7f0734000000-7f073408f000 rw-p 00000000 00:00 0 
7f073408f000-7f0738000000 ---p 00000000 00:00 0 
7f0738000000-7f0738021000 rw-p 00000000 00:00 0 
7f0738021000-7f073c000000 ---p 00000000 00:00 0 
7f073c000000-7f073c021000 rw-p 00000000 00:00 0 
7f073c021000-7f0740000000 ---p 00000000 00:00 0 
7f0740000000-7f074003e000 rw-p 00000000 00:00 0 
7f074003e000-7f0744000000 ---p 00000000 00:00 0 
7f0744000000-7f0744021000 rw-p 00000000 00:00 0 
7f0744021000-7f0748000000 ---p 00000000 00:00 0 
7f0748000000-7f0748021000 rw-p 00000000 00:00 0 
7f0748021000-7f074c000000 ---p 00000000 00:00 0 
7f074c000000-7f074c021000 rw-p 00000000 00:00 0 
7f074c021000-7f0750000000 ---p 00000000 00:00 0 
7f0750000000-7f0750021000 rw-p 00000000 00:00 0 
7f0750021000-7f0754000000 ---p 00000000 00:00 0 
7f0754000000-7f0754021000 rw-p 00000000 00:00 0 
7f0754021000-7f0758000000 ---p 00000000 00:00 0 
7f0758000000-7f0758021000 rw-p 00000000 00:00 0 
7f0758021000-7f075c000000 ---p 00000000 00:00 0 
7f075c000000-7f075c021000 rw-p 00000000 00:00 0 
7f075c021000-7f0760000000 ---p 00000000 00:00 0 
7f0760000000-7f0760021000 rw-p 00000000 00:00 0 
7f0760021000-7f0764000000 ---p 00000000 00:00 0 
7f0764000000-7f0764021000 rw-p 00000000 00:00 0 
7f0764021000-7f0768000000 ---p 00000000 00:00 0 
7f0768000000-7f07681d7000 rw-p 00000000 00:00 0 
7f07681d7000-7f076c000000 ---p 00000000 00:00 0 
7f076c000000-7f076c021000 rw-p 00000000 00:00 0 
7f076c021000-7f0770000000 ---p 00000000 00:00 0 
7f0770000000-7f0770021000 rw-p 00000000 00:00 0 
7f0770021000-7f0774000000 ---p 00000000 00:00 0 
7f0774000000-7f0774021000 rw-p 00000000 00:00 0 
7f0774021000-7f0778000000 ---p 00000000 00:00 0 
7f0778000000-7f0778021000 rw-p 00000000 00:00 0 
7f0778021000-7f077c000000 ---p 00000000 00:00 0 
7f077c086000-7f077c08a000 ---p 00000000 00:00 0 
7f077c08a000-7f077c187000 rw-p 00000000 00:00 0 
7f077c187000-7f077c18b000 ---p 00000000 00:00 0 
7f077c18b000-7f077c288000 rw-p 00000000 00:00 0 
7f077c288000-7f077c28c000 ---p 00000000 00:00 0 
7f077c28c000-7f077c389000 rw-p 00000000 00:00 0 
7f077c389000-7f077c38d000 ---p 00000000 00:00 0 
7f077c38d000-7f077c48a000 rw-p 00000000 00:00 0 
7f077c48a000-7f077c48e000 ---p 00000000 00:00 0 
7f077c48e000-7f077c58b000 rw-p 00000000 00:00 0 
7f077c58b000-7f077c58f000 ---p 00000000 00:00 0 
7f077c58f000-7f077c68c000 rw-p 00000000 00:00 0 
7f077c68c000-7f077c690000 ---p 00000000 00:00 0 
7f077c690000-7f077c78d000 rw-p 00000000 00:00 0 
7f077c78d000-7f077c791000 ---p 00000000 00:00 0 
7f077c791000-7f077c88e000 rw-p 00000000 00:00 0 
7f077c88e000-7f077c892000 ---p 00000000 00:00 0 
7f077c892000-7f077c98f000 rw-p 00000000 00:00 0 
7f077c98f000-7f077c993000 ---p 00000000 00:00 0 
7f077c993000-7f077ca90000 rw-p 00000000 00:00 0 
7f077ca90000-7f077ca94000 ---p 00000000 00:00 0 
7f077ca94000-7f077cd91000 rw-p 00000000 00:00 0 
7f077cd91000-7f077cf84000 rw-p 00000000 00:00 0 
7f077cf84000-7f077cf91000 ---p 00000000 00:00 0 
7f077cf91000-7f077d191000 rw-p 00000000 00:00 0 
7f077d191000-7f077d1a8000 r-xp 00000000 08:06 9460781                    /lib/x86_64-linux-gnu/libresolv-2.27.so
7f077d1a8000-7f077d3a8000 ---p 00017000 08:06 9460781                    /lib/x86_64-linux-gnu/libresolv-2.27.so
7f077d3a8000-7f077d3a9000 r--p 00017000 08:06 9460781                    /lib/x86_64-linux-gnu/libresolv-2.27.so
7f077d3a9000-7f077d3aa000 rw-p 00018000 08:06 9460781                    /lib/x86_64-linux-gnu/libresolv-2.27.so
7f077d3aa000-7f077d3ac000 rw-p 00000000 00:00 0 
7f077d3ac000-7f077d3b1000 r-xp 00000000 08:06 9460730                    /lib/x86_64-linux-gnu/libnss_dns-2.27.so
7f077d3b1000-7f077d5b1000 ---p 00005000 08:06 9460730                    /lib/x86_64-linux-gnu/libnss_dns-2.27.so
7f077d5b1000-7f077d5b2000 r--p 00005000 08:06 9460730                    /lib/x86_64-linux-gnu/libnss_dns-2.27.so
7f077d5b2000-7f077d5b3000 rw-p 00006000 08:06 9460730                    /lib/x86_64-linux-gnu/libnss_dns-2.27.so
7f077d5b3000-7f077d5b5000 r-xp 00000000 08:06 9460738                    /lib/x86_64-linux-gnu/libnss_mdns4_minimal.so.2
7f077d5b5000-7f077d7b4000 ---p 00002000 08:06 9460738                    /lib/x86_64-linux-gnu/libnss_mdns4_minimal.so.2
7f077d7b4000-7f077d7b5000 r--p 00001000 08:06 9460738                    /lib/x86_64-linux-gnu/libnss_mdns4_minimal.so.2
7f077d7b5000-7f077d7b6000 rw-p 00002000 08:06 9460738                    /lib/x86_64-linux-gnu/libnss_mdns4_minimal.so.2
7f077d7b6000-7f077d9b6000 rw-p 00000000 00:00 0 
7f077d9b6000-7f077d9e0000 r-xp 00000000 08:06 6043386                    /usr/lib/jvm/java-11-openjdk-amd64/lib/libsunec.so
7f077d9e0000-7f077dbdf000 ---p 0002a000 08:06 6043386                    /usr/lib/jvm/java-11-openjdk-amd64/lib/libsunec.so
7f077dbdf000-7f077dbe3000 r--p 00029000 08:06 6043386                    /usr/lib/jvm/java-11-openjdk-amd64/lib/libsunec.so
7f077dbe3000-7f077dbe5000 rw-p 0002d000 08:06 6043386                    /usr/lib/jvm/java-11-openjdk-amd64/lib/libsunec.so
7f077dbe5000-7f077dbe9000 ---p 00000000 00:00 0 
7f077dbe9000-7f077dce6000 rw-p 00000000 00:00 0 
7f077dce6000-7f077dcea000 ---p 00000000 00:00 0 
7f077dcea000-7f077dde7000 rw-p 00000000 00:00 0 
7f077dde7000-7f077ddeb000 ---p 00000000 00:00 0 
7f077ddeb000-7f077e0e8000 rw-p 00000000 00:00 0 
7f077e0e8000-7f077e0ec000 ---p 00000000 00:00 0 
7f077e0ec000-7f077e1e9000 rw-p 00000000 00:00 0 
7f077e1e9000-7f077e1ea000 ---p 00000000 00:00 0 
7f077e1ea000-7f077e2eb000 rw-p 00000000 00:00 0 
7f077e2eb000-7f077e2ec000 ---p 00000000 00:00 0 
7f077e2ec000-7f077e3ed000 rw-p 00000000 00:00 0 
7f077e3ed000-7f077e3ee000 ---p 00000000 00:00 0 
7f077e3ee000-7f077e4ef000 rw-p 00000000 00:00 0 
7f077e4ef000-7f077e4f0000 ---p 00000000 00:00 0 
7f077e4f0000-7f077e5f1000 rw-p 00000000 00:00 0 
7f077e5f1000-7f077e5f5000 ---p 00000000 00:00 0 
7f077e5f5000-7f077e6f2000 rw-p 00000000 00:00 0 
7f077e6f2000-7f077e6f6000 ---p 00000000 00:00 0 
7f077e6f6000-7f077e9f3000 rw-p 00000000 00:00 0 
7f077e9f3000-7f077ebf3000 rw-p 00000000 00:00 0 
7f077ebf3000-7f077edf3000 rw-p 00000000 00:00 0 
7f077edf3000-7f077edf4000 ---p 00000000 00:00 0 
7f077edf4000-7f077f0f5000 rw-p 00000000 00:00 0 
7f077f0f5000-7f077f2f5000 rw-p 00000000 00:00 0 
7f077f2f5000-7f077f4f5000 rw-p 00000000 00:00 0 
7f077f4f5000-7f077f4f6000 ---p 00000000 00:00 0 
7f077f4f6000-7f077f5f7000 rw-p 00000000 00:00 0 
7f077f5f7000-7f077f5f8000 ---p 00000000 00:00 0 
7f077f5f8000-7f077f8f9000 rw-p 00000000 00:00 0 
7f077f8f9000-7f077f8fd000 ---p 00000000 00:00 0 
7f077f8fd000-7f077fbfa000 rw-p 00000000 00:00 0 
7f077fbfa000-7f077fbfb000 ---p 00000000 00:00 0 
7f077fbfb000-7f077fcfc000 rw-p 00000000 00:00 0 
7f077fcfc000-7f077fcfd000 ---p 00000000 00:00 0 
7f077fcfd000-7f077fdfe000 rw-p 00000000 00:00 0 
7f077fdfe000-7f077fe02000 ---p 00000000 00:00 0 
7f077fe02000-7f077feff000 rw-p 00000000 00:00 0 
7f077feff000-7f077ff03000 ---p 00000000 00:00 0 
7f077ff03000-7f0780000000 rw-p 00000000 00:00 0 
7f0780000000-7f0780021000 rw-p 00000000 00:00 0 
7f0780021000-7f0784000000 ---p 00000000 00:00 0 
7f0784000000-7f0784021000 rw-p 00000000 00:00 0 
7f0784021000-7f0788000000 ---p 00000000 00:00 0 
7f0788000000-7f0788021000 rw-p 00000000 00:00 0 
7f0788021000-7f078c000000 ---p 00000000 00:00 0 
7f078c000000-7f078c021000 rw-p 00000000 00:00 0 
7f078c021000-7f0790000000 ---p 00000000 00:00 0 
7f0790000000-7f0790021000 rw-p 00000000 00:00 0 
7f0790021000-7f0794000000 ---p 00000000 00:00 0 
7f0794000000-7f0794021000 rw-p 00000000 00:00 0 
7f0794021000-7f0798000000 ---p 00000000 00:00 0 
7f0798000000-7f0798021000 rw-p 00000000 00:00 0 
7f0798021000-7f079c000000 ---p 00000000 00:00 0 
7f079c000000-7f079c5b0000 rw-p 00000000 00:00 0 
7f079c5b0000-7f07a0000000 ---p 00000000 00:00 0 
7f07a0000000-7f07a0021000 rw-p 00000000 00:00 0 
7f07a0021000-7f07a4000000 ---p 00000000 00:00 0 
7f07a4000000-7f07a4021000 rw-p 00000000 00:00 0 
7f07a4021000-7f07a8000000 ---p 00000000 00:00 0 
7f07a8000000-7f07a8021000 rw-p 00000000 00:00 0 
7f07a8021000-7f07ac000000 ---p 00000000 00:00 0 
7f07ac000000-7f07ac045000 rw-p 00000000 00:00 0 
7f07ac045000-7f07b0000000 ---p 00000000 00:00 0 
7f07b0000000-7f07b0021000 rw-p 00000000 00:00 0 
7f07b0021000-7f07b4000000 ---p 00000000 00:00 0 
7f07b405d000-7f07b4061000 ---p 00000000 00:00 0 
7f07b4061000-7f07b415e000 rw-p 00000000 00:00 0 
7f07b415e000-7f07b4160000 r-xp 00000000 08:06 6043361                    /usr/lib/jvm/java-11-openjdk-amd64/lib/libextnet.so
7f07b4160000-7f07b435f000 ---p 00002000 08:06 6043361                    /usr/lib/jvm/java-11-openjdk-amd64/lib/libextnet.so
7f07b435f000-7f07b4360000 r--p 00001000 08:06 6043361                    /usr/lib/jvm/java-11-openjdk-amd64/lib/libextnet.so
7f07b4360000-7f07b4361000 rw-p 00002000 08:06 6043361                    /usr/lib/jvm/java-11-openjdk-amd64/lib/libextnet.so
7f07b4361000-7f07b4366000 r-xp 00000000 08:06 6043378                    /usr/lib/jvm/java-11-openjdk-amd64/lib/libmanagement_ext.so
7f07b4366000-7f07b4565000 ---p 00005000 08:06 6043378                    /usr/lib/jvm/java-11-openjdk-amd64/lib/libmanagement_ext.so
7f07b4565000-7f07b4566000 r--p 00004000 08:06 6043378                    /usr/lib/jvm/java-11-openjdk-amd64/lib/libmanagement_ext.so
7f07b4566000-7f07b4567000 rw-p 00005000 08:06 6043378                    /usr/lib/jvm/java-11-openjdk-amd64/lib/libmanagement_ext.so
7f07b4567000-7f07b456b000 r-xp 00000000 08:06 6043376                    /usr/lib/jvm/java-11-openjdk-amd64/lib/libmanagement.so
7f07b456b000-7f07b476a000 ---p 00004000 08:06 6043376                    /usr/lib/jvm/java-11-openjdk-amd64/lib/libmanagement.so
7f07b476a000-7f07b476b000 r--p 00003000 08:06 6043376                    /usr/lib/jvm/java-11-openjdk-amd64/lib/libmanagement.so
7f07b476b000-7f07b476c000 rw-p 00004000 08:06 6043376                    /usr/lib/jvm/java-11-openjdk-amd64/lib/libmanagement.so
7f07b476c000-7f07b4770000 ---p 00000000 00:00 0 
7f07b4770000-7f07b486d000 rw-p 00000000 00:00 0 
7f07b486d000-7f07b4883000 r-xp 00000000 08:06 6043380                    /usr/lib/jvm/java-11-openjdk-amd64/lib/libnet.so
7f07b4883000-7f07b4a82000 ---p 00016000 08:06 6043380                    /usr/lib/jvm/java-11-openjdk-amd64/lib/libnet.so
7f07b4a82000-7f07b4a83000 r--p 00015000 08:06 6043380                    /usr/lib/jvm/java-11-openjdk-amd64/lib/libnet.so
7f07b4a83000-7f07b4a84000 rw-p 00016000 08:06 6043380                    /usr/lib/jvm/java-11-openjdk-amd64/lib/libnet.so
7f07b4a84000-7f07b4a94000 r-xp 00000000 08:06 6043381                    /usr/lib/jvm/java-11-openjdk-amd64/lib/libnio.so
7f07b4a94000-7f07b4c93000 ---p 00010000 08:06 6043381                    /usr/lib/jvm/java-11-openjdk-amd64/lib/libnio.so
7f07b4c93000-7f07b4c94000 r--p 0000f000 08:06 6043381                    /usr/lib/jvm/java-11-openjdk-amd64/lib/libnio.so
7f07b4c94000-7f07b4c95000 rw-p 00010000 08:06 6043381                    /usr/lib/jvm/java-11-openjdk-amd64/lib/libnio.so
7f07b4c95000-7f07b4c99000 ---p 00000000 00:00 0 
7f07b4c99000-7f07b4d96000 rw-p 00000000 00:00 0 
7f07b4d96000-7f07b4d9a000 ---p 00000000 00:00 0 
7f07b4d9a000-7f07b4e97000 rw-p 00000000 00:00 0 
7f07b4e97000-7f07b4e9b000 ---p 00000000 00:00 0 
7f07b4e9b000-7f07b4f98000 rw-p 00000000 00:00 0 
7f07b4f98000-7f07b4f9c000 r-xp 00000000 08:06 6043360                    /usr/lib/jvm/java-11-openjdk-amd64/lib/libdt_socket.so
7f07b4f9c000-7f07b519c000 ---p 00004000 08:06 6043360                    /usr/lib/jvm/java-11-openjdk-amd64/lib/libdt_socket.so
7f07b519c000-7f07b519d000 r--p 00004000 08:06 6043360                    /usr/lib/jvm/java-11-openjdk-amd64/lib/libdt_socket.so
7f07b519d000-7f07b519e000 rw-p 00005000 08:06 6043360                    /usr/lib/jvm/java-11-openjdk-amd64/lib/libdt_socket.so
7f07b519e000-7f07b51a2000 ---p 00000000 00:00 0 
7f07b51a2000-7f07b529f000 rw-p 00000000 00:00 0 
7f07b529f000-7f07b52a3000 ---p 00000000 00:00 0 
7f07b52a3000-7f07b53a0000 rw-p 00000000 00:00 0 
7f07b53a0000-7f07b5800000 r--p 00000000 08:06 6047801                    /usr/lib/locale/locale-archive
7f07b5800000-7f07b8000000 rw-p 00000000 00:00 0 
7f07b8000000-7f07b8021000 rw-p 00000000 00:00 0 
7f07b8021000-7f07bc000000 ---p 00000000 00:00 0 
7f07bc000000-7f07bc021000 rw-p 00000000 00:00 0 
7f07bc021000-7f07c0000000 ---p 00000000 00:00 0 
7f07c0000000-7f07c0021000 rw-p 00000000 00:00 0 
7f07c0021000-7f07c4000000 ---p 00000000 00:00 0 
7f07c40af000-7f07c40b3000 ---p 00000000 00:00 0 
7f07c40b3000-7f07c41b0000 rw-p 00000000 00:00 0 
7f07c41b0000-7f07c41b4000 ---p 00000000 00:00 0 
7f07c41b4000-7f07c42b1000 rw-p 00000000 00:00 0 
7f07c42b1000-7f07c42b5000 ---p 00000000 00:00 0 
7f07c42b5000-7f07c43b2000 rw-p 00000000 00:00 0 
7f07c43b2000-7f07c43b6000 ---p 00000000 00:00 0 
7f07c43b6000-7f07c44b3000 rw-p 00000000 00:00 0 
7f07c44b3000-7f07c44b4000 ---p 00000000 00:00 0 
7f07c44b4000-7f07c4636000 rw-p 00000000 00:00 0 
7f07c4636000-7f07c4637000 ---p 00000000 00:00 0 
7f07c4637000-7f07c4738000 rw-p 00000000 00:00 0 
7f07c4738000-7f07c4739000 ---p 00000000 00:00 0 
7f07c4739000-7f07c5042000 rw-p 00000000 00:00 0 
7f07c5042000-7f07c5043000 ---p 00000000 00:00 0 
7f07c5043000-7f07c5144000 rw-p 00000000 00:00 0 
7f07c5144000-7f07c5145000 ---p 00000000 00:00 0 
7f07c5145000-7f07c542e000 rw-p 00000000 00:00 0 
7f07c542e000-7f07c612e000 ---p 00000000 00:00 0 
7f07c612e000-7f07c631e000 rw-p 00000000 00:00 0 
7f07c631e000-7f07c701e000 ---p 00000000 00:00 0 
7f07c701e000-7f07c7063000 rw-p 00000000 00:00 0 
7f07c7063000-7f07c7203000 ---p 00000000 00:00 0 
7f07c7203000-7f07c7241000 rw-p 00000000 00:00 0 
7f07c7241000-7f07c73e1000 ---p 00000000 00:00 0 
7f07c73e1000-7f07c741f000 rw-p 00000000 00:00 0 
7f07c741f000-7f07c75bf000 ---p 00000000 00:00 0 
7f07c75bf000-7f07c7dc8000 rw-p 00000000 00:00 0 
7f07c7dc8000-7f07c7dc9000 ---p 00000000 00:00 0 
7f07c7dc9000-7f07c7eca000 rw-p 00000000 00:00 0 
7f07c7eca000-7f07c813a000 rwxp 00000000 00:00 0 
7f07c813a000-7f07c85fe000 ---p 00000000 00:00 0 
7f07c85fe000-7f07c90de000 rwxp 00000000 00:00 0 
7f07c90de000-7f07d6eca000 ---p 00000000 00:00 0 
7f07df5ba000-7f07df5bf000 r-xp 00000000 08:06 6043372                    /usr/lib/jvm/java-11-openjdk-amd64/lib/libjimage.so
7f07df5bf000-7f07df7be000 ---p 00005000 08:06 6043372                    /usr/lib/jvm/java-11-openjdk-amd64/lib/libjimage.so
7f07df7be000-7f07df7bf000 r--p 00004000 08:06 6043372                    /usr/lib/jvm/java-11-openjdk-amd64/lib/libjimage.so
7f07df7bf000-7f07df7c0000 rw-p 00005000 08:06 6043372                    /usr/lib/jvm/java-11-openjdk-amd64/lib/libjimage.so
7f07df7c0000-7f07df7c7000 r-xp 00000000 08:06 6043389                    /usr/lib/jvm/java-11-openjdk-amd64/lib/libzip.so
7f07df7c7000-7f07df9c6000 ---p 00007000 08:06 6043389                    /usr/lib/jvm/java-11-openjdk-amd64/lib/libzip.so
7f07df9c6000-7f07df9c7000 r--p 00006000 08:06 6043389                    /usr/lib/jvm/java-11-openjdk-amd64/lib/libzip.so
7f07df9c7000-7f07df9c8000 rw-p 00007000 08:06 6043389                    /usr/lib/jvm/java-11-openjdk-amd64/lib/libzip.so
7f07df9c8000-7f07df9d3000 r-xp 00000000 08:06 9460732                    /lib/x86_64-linux-gnu/libnss_files-2.27.so
7f07df9d3000-7f07dfbd2000 ---p 0000b000 08:06 9460732                    /lib/x86_64-linux-gnu/libnss_files-2.27.so
7f07dfbd2000-7f07dfbd3000 r--p 0000a000 08:06 9460732                    /lib/x86_64-linux-gnu/libnss_files-2.27.so
7f07dfbd3000-7f07dfbd4000 rw-p 0000b000 08:06 9460732                    /lib/x86_64-linux-gnu/libnss_files-2.27.so
7f07dfbd4000-7f07dfbda000 rw-p 00000000 00:00 0 
7f07dfbda000-7f07dfbf1000 r-xp 00000000 08:06 9460726                    /lib/x86_64-linux-gnu/libnsl-2.27.so
7f07dfbf1000-7f07dfdf0000 ---p 00017000 08:06 9460726                    /lib/x86_64-linux-gnu/libnsl-2.27.so
7f07dfdf0000-7f07dfdf1000 r--p 00016000 08:06 9460726                    /lib/x86_64-linux-gnu/libnsl-2.27.so
7f07dfdf1000-7f07dfdf2000 rw-p 00017000 08:06 9460726                    /lib/x86_64-linux-gnu/libnsl-2.27.so
7f07dfdf2000-7f07dfdf4000 rw-p 00000000 00:00 0 
7f07dfdf4000-7f07dfdff000 r-xp 00000000 08:06 9460743                    /lib/x86_64-linux-gnu/libnss_nis-2.27.so
7f07dfdff000-7f07dfffe000 ---p 0000b000 08:06 9460743                    /lib/x86_64-linux-gnu/libnss_nis-2.27.so
7f07dfffe000-7f07dffff000 r--p 0000a000 08:06 9460743                    /lib/x86_64-linux-gnu/libnss_nis-2.27.so
7f07dffff000-7f07e0000000 rw-p 0000b000 08:06 9460743                    /lib/x86_64-linux-gnu/libnss_nis-2.27.so
7f07e0000000-7f07e1933000 rw-p 00000000 00:00 0 
7f07e1933000-7f07e4000000 ---p 00000000 00:00 0 
7f07e4013000-7f07e4029000 rw-p 00000000 00:00 0 
7f07e4029000-7f07e41e5000 ---p 00000000 00:00 0 
7f07e41e5000-7f07e41ed000 r-xp 00000000 08:06 9460728                    /lib/x86_64-linux-gnu/libnss_compat-2.27.so
7f07e41ed000-7f07e43ed000 ---p 00008000 08:06 9460728                    /lib/x86_64-linux-gnu/libnss_compat-2.27.so
7f07e43ed000-7f07e43ee000 r--p 00008000 08:06 9460728                    /lib/x86_64-linux-gnu/libnss_compat-2.27.so
7f07e43ee000-7f07e43ef000 rw-p 00009000 08:06 9460728                    /lib/x86_64-linux-gnu/libnss_compat-2.27.so
7f07e43ef000-7f07e43f9000 r-xp 00000000 08:06 6043363                    /usr/lib/jvm/java-11-openjdk-amd64/lib/libinstrument.so
7f07e43f9000-7f07e45f8000 ---p 0000a000 08:06 6043363                    /usr/lib/jvm/java-11-openjdk-amd64/lib/libinstrument.so
7f07e45f8000-7f07e45f9000 r--p 00009000 08:06 6043363                    /usr/lib/jvm/java-11-openjdk-amd64/lib/libinstrument.so
7f07e45f9000-7f07e45fa000 rw-p 0000a000 08:06 6043363                    /usr/lib/jvm/java-11-openjdk-amd64/lib/libinstrument.so
7f07e45fa000-7f07e4635000 r-xp 00000000 08:06 6043371                    /usr/lib/jvm/java-11-openjdk-amd64/lib/libjdwp.so
7f07e4635000-7f07e4834000 ---p 0003b000 08:06 6043371                    /usr/lib/jvm/java-11-openjdk-amd64/lib/libjdwp.so
7f07e4834000-7f07e4835000 r--p 0003a000 08:06 6043371                    /usr/lib/jvm/java-11-openjdk-amd64/lib/libjdwp.so
7f07e4835000-7f07e4836000 rw-p 0003b000 08:06 6043371                    /usr/lib/jvm/java-11-openjdk-amd64/lib/libjdwp.so
7f07e4836000-7f07e485f000 r-xp 00000000 08:06 6043368                    /usr/lib/jvm/java-11-openjdk-amd64/lib/libjava.so
7f07e485f000-7f07e4a5e000 ---p 00029000 08:06 6043368                    /usr/lib/jvm/java-11-openjdk-amd64/lib/libjava.so
7f07e4a5e000-7f07e4a5f000 r--p 00028000 08:06 6043368                    /usr/lib/jvm/java-11-openjdk-amd64/lib/libjava.so
7f07e4a5f000-7f07e4a61000 rw-p 00029000 08:06 6043368                    /usr/lib/jvm/java-11-openjdk-amd64/lib/libjava.so
7f07e4a61000-7f07e4a6e000 r-xp 00000000 08:06 6043388                    /usr/lib/jvm/java-11-openjdk-amd64/lib/libverify.so
7f07e4a6e000-7f07e4c6d000 ---p 0000d000 08:06 6043388                    /usr/lib/jvm/java-11-openjdk-amd64/lib/libverify.so
7f07e4c6d000-7f07e4c6f000 r--p 0000c000 08:06 6043388                    /usr/lib/jvm/java-11-openjdk-amd64/lib/libverify.so
7f07e4c6f000-7f07e4c70000 rw-p 0000e000 08:06 6043388                    /usr/lib/jvm/java-11-openjdk-amd64/lib/libverify.so
7f07e4c70000-7f07e4c77000 r-xp 00000000 08:06 9460783                    /lib/x86_64-linux-gnu/librt-2.27.so
7f07e4c77000-7f07e4e76000 ---p 00007000 08:06 9460783                    /lib/x86_64-linux-gnu/librt-2.27.so
7f07e4e76000-7f07e4e77000 r--p 00006000 08:06 9460783                    /lib/x86_64-linux-gnu/librt-2.27.so
7f07e4e77000-7f07e4e78000 rw-p 00007000 08:06 9460783                    /lib/x86_64-linux-gnu/librt-2.27.so
7f07e4e78000-7f07e4e8f000 r-xp 00000000 08:06 9455997                    /lib/x86_64-linux-gnu/libgcc_s.so.1
7f07e4e8f000-7f07e508e000 ---p 00017000 08:06 9455997                    /lib/x86_64-linux-gnu/libgcc_s.so.1
7f07e508e000-7f07e508f000 r--p 00016000 08:06 9455997                    /lib/x86_64-linux-gnu/libgcc_s.so.1
7f07e508f000-7f07e5090000 rw-p 00017000 08:06 9455997                    /lib/x86_64-linux-gnu/libgcc_s.so.1
7f07e5090000-7f07e522d000 r-xp 00000000 08:06 9460705                    /lib/x86_64-linux-gnu/libm-2.27.so
7f07e522d000-7f07e542c000 ---p 0019d000 08:06 9460705                    /lib/x86_64-linux-gnu/libm-2.27.so
7f07e542c000-7f07e542d000 r--p 0019c000 08:06 9460705                    /lib/x86_64-linux-gnu/libm-2.27.so
7f07e542d000-7f07e542e000 rw-p 0019d000 08:06 9460705                    /lib/x86_64-linux-gnu/libm-2.27.so
7f07e542e000-7f07e55a7000 r-xp 00000000 08:06 6043772                    /usr/lib/x86_64-linux-gnu/libstdc++.so.6.0.25
7f07e55a7000-7f07e57a7000 ---p 00179000 08:06 6043772                    /usr/lib/x86_64-linux-gnu/libstdc++.so.6.0.25
7f07e57a7000-7f07e57b1000 r--p 00179000 08:06 6043772                    /usr/lib/x86_64-linux-gnu/libstdc++.so.6.0.25
7f07e57b1000-7f07e57b3000 rw-p 00183000 08:06 6043772                    /usr/lib/x86_64-linux-gnu/libstdc++.so.6.0.25
7f07e57b3000-7f07e57b7000 rw-p 00000000 00:00 0 
7f07e57b7000-7f07e6890000 r-xp 00000000 08:06 6043393                    /usr/lib/jvm/java-11-openjdk-amd64/lib/server/libjvm.so
7f07e6890000-7f07e6a8f000 ---p 010d9000 08:06 6043393                    /usr/lib/jvm/java-11-openjdk-amd64/lib/server/libjvm.so
7f07e6a8f000-7f07e6b4c000 r--p 010d8000 08:06 6043393                    /usr/lib/jvm/java-11-openjdk-amd64/lib/server/libjvm.so
7f07e6b4c000-7f07e6b86000 rw-p 01195000 08:06 6043393                    /usr/lib/jvm/java-11-openjdk-amd64/lib/server/libjvm.so
7f07e6b86000-7f07e6bdc000 rw-p 00000000 00:00 0 
7f07e6bdc000-7f07e6bf6000 r-xp 00000000 08:06 9460775                    /lib/x86_64-linux-gnu/libpthread-2.27.so
7f07e6bf6000-7f07e6df5000 ---p 0001a000 08:06 9460775                    /lib/x86_64-linux-gnu/libpthread-2.27.so
7f07e6df5000-7f07e6df6000 r--p 00019000 08:06 9460775                    /lib/x86_64-linux-gnu/libpthread-2.27.so
7f07e6df6000-7f07e6df7000 rw-p 0001a000 08:06 9460775                    /lib/x86_64-linux-gnu/libpthread-2.27.so
7f07e6df7000-7f07e6dfb000 rw-p 00000000 00:00 0 
7f07e6dfb000-7f07e6dfe000 r-xp 00000000 08:06 9460665                    /lib/x86_64-linux-gnu/libdl-2.27.so
7f07e6dfe000-7f07e6ffd000 ---p 00003000 08:06 9460665                    /lib/x86_64-linux-gnu/libdl-2.27.so
7f07e6ffd000-7f07e6ffe000 r--p 00002000 08:06 9460665                    /lib/x86_64-linux-gnu/libdl-2.27.so
7f07e6ffe000-7f07e6fff000 rw-p 00003000 08:06 9460665                    /lib/x86_64-linux-gnu/libdl-2.27.so
7f07e6fff000-7f07e701b000 r-xp 00000000 08:06 9460816                    /lib/x86_64-linux-gnu/libz.so.1.2.11
7f07e701b000-7f07e721a000 ---p 0001c000 08:06 9460816                    /lib/x86_64-linux-gnu/libz.so.1.2.11
7f07e721a000-7f07e721b000 r--p 0001b000 08:06 9460816                    /lib/x86_64-linux-gnu/libz.so.1.2.11
7f07e721b000-7f07e721c000 rw-p 0001c000 08:06 9460816                    /lib/x86_64-linux-gnu/libz.so.1.2.11
7f07e721c000-7f07e7403000 r-xp 00000000 08:06 9460642                    /lib/x86_64-linux-gnu/libc-2.27.so
7f07e7403000-7f07e7603000 ---p 001e7000 08:06 9460642                    /lib/x86_64-linux-gnu/libc-2.27.so
7f07e7603000-7f07e7607000 r--p 001e7000 08:06 9460642                    /lib/x86_64-linux-gnu/libc-2.27.so
7f07e7607000-7f07e7609000 rw-p 001eb000 08:06 9460642                    /lib/x86_64-linux-gnu/libc-2.27.so
7f07e7609000-7f07e760d000 rw-p 00000000 00:00 0 
7f07e760d000-7f07e761d000 r-xp 00000000 08:06 6043352                    /usr/lib/jvm/java-11-openjdk-amd64/lib/jli/libjli.so
7f07e761d000-7f07e781c000 ---p 00010000 08:06 6043352                    /usr/lib/jvm/java-11-openjdk-amd64/lib/jli/libjli.so
7f07e781c000-7f07e781d000 r--p 0000f000 08:06 6043352                    /usr/lib/jvm/java-11-openjdk-amd64/lib/jli/libjli.so
7f07e781d000-7f07e781e000 rw-p 00010000 08:06 6043352                    /usr/lib/jvm/java-11-openjdk-amd64/lib/jli/libjli.so
7f07e781e000-7f07e7845000 r-xp 00000000 08:06 9460614                    /lib/x86_64-linux-gnu/ld-2.27.so
7f07e7880000-7f07e7887000 r--s 00000000 08:06 6437544                    /usr/lib/x86_64-linux-gnu/gconv/gconv-modules.cache
7f07e7887000-7f07e7920000 rw-p 00000000 00:00 0 
7f07e7920000-7f07e7924000 ---p 00000000 00:00 0 
7f07e7924000-7f07e7a23000 rw-p 00000000 00:00 0 
7f07e7a28000-7f07e7a2d000 rw-p 00000000 00:00 0 
7f07e7a2d000-7f07e7a37000 ---p 00000000 00:00 0 
7f07e7a37000-7f07e7a39000 r--s 00007000 08:06 6705709                    /usr/share/java/java-atk-wrapper.jar
7f07e7a39000-7f07e7a41000 rw-s 00000000 00:2e 24                         /tmp/hsperfdata_root/13432
7f07e7a41000-7f07e7a42000 ---p 00000000 00:00 0 
7f07e7a42000-7f07e7a43000 r--p 00000000 00:00 0 
7f07e7a43000-7f07e7a45000 rw-p 00000000 00:00 0 
7f07e7a45000-7f07e7a46000 r--p 00027000 08:06 9460614                    /lib/x86_64-linux-gnu/ld-2.27.so
7f07e7a46000-7f07e7a47000 rw-p 00028000 08:06 9460614                    /lib/x86_64-linux-gnu/ld-2.27.so
7f07e7a47000-7f07e7a48000 rw-p 00000000 00:00 0 
7ffdb78b0000-7ffdb78d3000 rw-p 00000000 00:00 0                          [stack]
7ffdb7968000-7ffdb796b000 r--p 00000000 00:00 0                          [vvar]
7ffdb796b000-7ffdb796c000 r-xp 00000000 00:00 0                          [vdso]
ffffffffff600000-ffffffffff601000 r-xp 00000000 00:00 0                  [vsyscall]


VM Arguments:
jvm_args: -agentlib:jdwp=transport=dt_socket,suspend=y,address=localhost:45443 -Dcom.sun.management.jmxremote -Dcom.sun.management.jmxremote.port=35359 -Dcom.sun.management.jmxremote.authenticate=false -Dcom.sun.management.jmxremote.ssl=false -Djava.rmi.server.hostname=localhost -Dspring.jmx.enabled=true -Dspring.liveBeansView.mbeanDomain -Dspring.application.admin.enabled=true -Djava.security.egd=file:/dev/./urandom -Xverify:none -XX:TieredStopAtLevel=1 -Dspring.boot.project.name=Helpdesk_v2 -javaagent:/home/tanky/Desktop/eclipse/jee-2019-123/eclipse/configuration/org.eclipse.osgi/1402/0/.cp/lib/javaagent-shaded.jar -Dfile.encoding=UTF-8 
java_command: com.helpdesk.Helpdesk_v2.HelpdeskV2Application
java_class_path (initial): /home/tanky/Documents/Springboot Project/Helpdesk_v2/target/classes:/root/.m2/repository/org/springframework/boot/spring-boot-starter-data-mongodb/2.3.4.RELEASE/spring-boot-starter-data-mongodb-2.3.4.RELEASE.jar:/root/.m2/repository/org/springframework/boot/spring-boot-starter/2.3.4.RELEASE/spring-boot-starter-2.3.4.RELEASE.jar:/root/.m2/repository/org/springframework/boot/spring-boot/2.3.4.RELEASE/spring-boot-2.3.4.RELEASE.jar:/root/.m2/repository/org/springframework/boot/spring-boot-autoconfigure/2.3.4.RELEASE/spring-boot-autoconfigure-2.3.4.RELEASE.jar:/root/.m2/repository/org/springframework/boot/spring-boot-starter-logging/2.3.4.RELEASE/spring-boot-starter-logging-2.3.4.RELEASE.jar:/root/.m2/repository/ch/qos/logback/logback-classic/1.2.3/logback-classic-1.2.3.jar:/root/.m2/repository/ch/qos/logback/logback-core/1.2.3/logback-core-1.2.3.jar:/root/.m2/repository/org/apache/logging/log4j/log4j-to-slf4j/2.13.3/log4j-to-slf4j-2.13.3.jar:/root/.m2/repository/org/apache/logging/log4j/log4j-api/2.13.3/log4j-api-2.13.3.jar:/root/.m2/repository/org/slf4j/jul-to-slf4j/1.7.30/jul-to-slf4j-1.7.30.jar:/root/.m2/repository/jakarta/annotation/jakarta.annotation-api/1.3.5/jakarta.annotation-api-1.3.5.jar:/root/.m2/repository/org/yaml/snakeyaml/1.26/snakeyaml-1.26.jar:/root/.m2/repository/org/mongodb/mongodb-driver-sync/4.0.5/mongodb-driver-sync-4.0.5.jar:/root/.m2/repository/org/mongodb/bson/4.0.5/bson-4.0.5.jar:/root/.m2/repository/org/mongodb/mongodb-driver-core/4.0.5/mongodb-driver-core-4.0.5.jar:/root/.m2/repository/org/springframework/data/spring-data-mongodb/3.0.4.RELEASE/spring-data-mongodb-3.0.4.RELEASE.jar:/root/.m2/repository/org/springframework/spring-tx/5.2.9.RELEASE/spring-tx-5.2.9.RELEASE.jar:/root/.m2/repository/org/springframework/spring-context/5.2.9.RELEASE/spring-context-5.2.9.RELEASE.jar:/root/.m2/repository/org/springframework/spring-beans/5.2.9.RELEASE/spring-beans-5.2.9.RELEASE.jar:/root/.m2/repository/org/springframework/spr
Launcher Type: SUN_STANDARD

[Global flags]
     bool BytecodeVerificationLocal                = false                                     {product} {command line}
     bool BytecodeVerificationRemote               = false                                     {product} {command line}
     intx CICompilerCount                          = 4                                         {product} {ergonomic}
     uint ConcGCThreads                            = 2                                         {product} {ergonomic}
     uint G1ConcRefinementThreads                  = 8                                         {product} {ergonomic}
   size_t G1HeapRegionSize                         = 1048576                                   {product} {ergonomic}
    uintx GCDrainStackTargetSize                   = 64                                        {product} {ergonomic}
   size_t InitialHeapSize                          = 62914560                                  {product} {ergonomic}
     bool ManagementServer                         = true                                      {product} {command line}
   size_t MarkStackSize                            = 4194304                                   {product} {ergonomic}
   size_t MaxHeapSize                              = 1002438656                                {product} {ergonomic}
   size_t MaxNewSize                               = 600834048                                 {product} {ergonomic}
   size_t MinHeapDeltaBytes                        = 1048576                                   {product} {ergonomic}
    uintx NonNMethodCodeHeapSize                   = 7549744                                {pd product} {ergonomic}
    uintx NonProfiledCodeHeapSize                  = 244108496                              {pd product} {ergonomic}
    uintx ProfiledCodeHeapSize                     = 0                                      {pd product} {ergonomic}
    uintx ReservedCodeCacheSize                    = 251658240                              {pd product} {ergonomic}
     bool SegmentedCodeCache                       = true                                      {product} {ergonomic}
     intx TieredStopAtLevel                        = 1                                         {product} {command line}
     bool UseCompressedClassPointers               = true                                 {lp64_product} {ergonomic}
     bool UseCompressedOops                        = true                                 {lp64_product} {ergonomic}
     bool UseG1GC                                  = true                                      {product} {ergonomic}

Logging:
Log output configuration:
 #0: stdout all=warning uptime,level,tags
 #1: stderr all=off uptime,level,tags

Environment Variables:
PATH=/usr/local/sbin:/usr/local/bin:/usr/sbin:/usr/bin:/sbin:/bin:/usr/games:/usr/local/games
SHELL=/bin/bash
DISPLAY=:0

Signal Handlers:
SIGSEGV: [libjvm.so+0xdf1470], sa_mask[0]=11111111011111111101111111111110, sa_flags=SA_RESTART|SA_SIGINFO
SIGBUS: [libjvm.so+0xdf1470], sa_mask[0]=11111111011111111101111111111110, sa_flags=SA_RESTART|SA_SIGINFO
SIGFPE: [libjvm.so+0xdf1470], sa_mask[0]=11111111011111111101111111111110, sa_flags=SA_RESTART|SA_SIGINFO
SIGPIPE: [libjvm.so+0xbc5560], sa_mask[0]=11111111011111111101111111111110, sa_flags=SA_RESTART|SA_SIGINFO
SIGXFSZ: [libjvm.so+0xbc5560], sa_mask[0]=11111111011111111101111111111110, sa_flags=SA_RESTART|SA_SIGINFO
SIGILL: [libjvm.so+0xdf1470], sa_mask[0]=11111111011111111101111111111110, sa_flags=SA_RESTART|SA_SIGINFO
SIGUSR2: [libjvm.so+0xbc5400], sa_mask[0]=00100000000000000000000000000000, sa_flags=SA_RESTART|SA_SIGINFO
SIGHUP: [libjvm.so+0xbc5760], sa_mask[0]=11111111011111111101111111111110, sa_flags=SA_RESTART|SA_SIGINFO
SIGINT: [libjvm.so+0xbc5760], sa_mask[0]=11111111011111111101111111111110, sa_flags=SA_RESTART|SA_SIGINFO
SIGTERM: [libjvm.so+0xbc5760], sa_mask[0]=11111111011111111101111111111110, sa_flags=SA_RESTART|SA_SIGINFO
SIGQUIT: [libjvm.so+0xbc5760], sa_mask[0]=11111111011111111101111111111110, sa_flags=SA_RESTART|SA_SIGINFO


---------------  S Y S T E M  ---------------

OS:DISTRIB_ID=LinuxMint
DISTRIB_RELEASE=19.3
DISTRIB_CODENAME=tricia
DISTRIB_DESCRIPTION="Linux Mint 19.3 Tricia"
uname:Linux 5.0.0-32-generic #34~18.04.2-Ubuntu SMP Thu Oct 10 10:36:02 UTC 2019 x86_64
libc:glibc 2.27 NPTL 2.27 
rlimit: STACK 8192k, CORE 0k, NPROC 15021, NOFILE 1048576, AS infinity, DATA infinity, FSIZE infinity
load average:2,82 2,09 2,19

/proc/meminfo:
MemTotal:        3915220 kB
MemFree:          596456 kB
MemAvailable:     587888 kB
Buffers:            7692 kB
Cached:           619608 kB
SwapCached:        12872 kB
Active:          2304452 kB
Inactive:         695052 kB
Active(anon):    2176148 kB
Inactive(anon):   650344 kB
Active(file):     128304 kB
Inactive(file):    44708 kB
Unevictable:       44544 kB
Mlocked:             160 kB
SwapTotal:       2097148 kB
SwapFree:        1824508 kB
Dirty:              4476 kB
Writeback:             0 kB
AnonPages:       2411172 kB
Mapped:           426180 kB
Shmem:            454024 kB
KReclaimable:      54100 kB
Slab:             117540 kB
SReclaimable:      54100 kB
SUnreclaim:        63440 kB
KernelStack:       13408 kB
PageTables:        48856 kB
NFS_Unstable:          0 kB
Bounce:                0 kB
WritebackTmp:          0 kB
CommitLimit:     4054756 kB
Committed_AS:    8181240 kB
VmallocTotal:   34359738367 kB
VmallocUsed:           0 kB
VmallocChunk:          0 kB
Percpu:             2560 kB
HardwareCorrupted:     0 kB
AnonHugePages:         0 kB
ShmemHugePages:        0 kB
ShmemPmdMapped:        0 kB
CmaTotal:              0 kB
CmaFree:               0 kB
HugePages_Total:       0
HugePages_Free:        0
HugePages_Rsvd:        0
HugePages_Surp:        0
Hugepagesize:       2048 kB
Hugetlb:               0 kB
DirectMap4k:      266692 kB
DirectMap2M:     3807232 kB
DirectMap1G:     1048576 kB


/proc/sys/kernel/threads-max (system-wide limit on the number of threads):
30042


/proc/sys/vm/max_map_count (maximum number of memory map areas a process may have):
65530


/proc/sys/kernel/pid_max (system-wide limit on number of process identifiers):
32768



container (cgroup) information:
container_type: cgroupv1
cpu_cpuset_cpus: 0-7
cpu_memory_nodes: 0
active_processor_count: 8
cpu_quota: -1
cpu_period: 100000
cpu_shares: -1
memory_limit_in_bytes: -1
memory_and_swap_limit_in_bytes: -2
memory_soft_limit_in_bytes: -1
memory_usage_in_bytes: 3114233856
memory_max_usage_in_bytes: 550096896

Steal ticks since vm start: 0
Steal ticks percentage since vm start:  0,000

CPU:total 8 (initial active 8) (4 cores per cpu, 2 threads per core) family 6 model 142 stepping 10, cmov, cx8, fxsr, mmx, sse, sse2, sse3, ssse3, sse4.1, sse4.2, popcnt, avx, avx2, aes, clmul, erms, 3dnowpref, lzcnt, ht, tsc, tscinvbit, bmi1, bmi2, adx, fma
CPU Model and flags from /proc/cpuinfo:
model name	: Intel(R) Core(TM) i5-8250U CPU @ 1.60GHz
flags		: fpu vme de pse tsc msr pae mce cx8 apic sep mtrr pge mca cmov pat pse36 clflush dts acpi mmx fxsr sse sse2 ss ht tm pbe syscall nx pdpe1gb rdtscp lm constant_tsc art arch_perfmon pebs bts rep_good nopl xtopology nonstop_tsc cpuid aperfmperf tsc_known_freq pni pclmulqdq dtes64 monitor ds_cpl vmx est tm2 ssse3 sdbg fma cx16 xtpr pdcm pcid sse4_1 sse4_2 x2apic movbe popcnt tsc_deadline_timer aes xsave avx f16c rdrand lahf_lm abm 3dnowprefetch cpuid_fault epb invpcid_single pti ssbd ibrs ibpb stibp tpr_shadow vnmi flexpriority ept vpid ept_ad fsgsbase tsc_adjust bmi1 avx2 smep bmi2 erms invpcid mpx rdseed adx smap clflushopt intel_pt xsaveopt xsavec xgetbv1 xsaves dtherm ida arat pln pts hwp hwp_notify hwp_act_window hwp_epp flush_l1d

Memory: 4k page, physical 3915220k(596456k free), swap 2097148k(1824508k free)

vm_info: OpenJDK 64-Bit Server VM (11.0.6+10-post-Ubuntu-1ubuntu118.04.1) for linux-amd64 JRE (11.0.6+10-post-Ubuntu-1ubuntu118.04.1), built on Jan 15 2020 15:14:00 by "unknown" with gcc 7.4.0

END.
