#
# A fatal error has been detected by the Java Runtime Environment:
#
#  SIGSEGV (0xb) at pc=0x00007f918af6b401, pid=14897, tid=14930
#
# JRE version: OpenJDK Runtime Environment (11.0.6+10) (build 11.0.6+10-post-Ubuntu-1ubuntu118.04.1)
# Java VM: OpenJDK 64-Bit Server VM (11.0.6+10-post-Ubuntu-1ubuntu118.04.1, mixed mode, sharing, tiered, compressed oops, g1 gc, linux-amd64)
# Problematic frame:
# C  [libjimage.so+0x2401]
#
# Core dump will be written. Default location: Core dumps may be processed with "/lib/systemd/systemd-coredump %P %u %g %s %t 9223372036854775808 %e" (or dumping to /home/tanky/Documents/Springboot Project/Helpdesk_v2/core.14897)
#
# If you would like to submit a bug report, please visit:
#   https://bugs.launchpad.net/ubuntu/+source/openjdk-lts
#

---------------  S U M M A R Y ------------

Command Line: -agentlib:jdwp=transport=dt_socket,suspend=y,address=localhost:33901 -Dcom.sun.management.jmxremote -Dcom.sun.management.jmxremote.port=44389 -Dcom.sun.management.jmxremote.authenticate=false -Dcom.sun.management.jmxremote.ssl=false -Djava.rmi.server.hostname=localhost -Dspring.jmx.enabled=true -Dspring.liveBeansView.mbeanDomain -Dspring.application.admin.enabled=true -Djava.security.egd=file:/dev/./urandom -Xverify:none -XX:TieredStopAtLevel=1 -Dspring.boot.project.name=Helpdesk_v2 -javaagent:/home/tanky/Desktop/eclipse/jee-2019-123/eclipse/configuration/org.eclipse.osgi/1402/0/.cp/lib/javaagent-shaded.jar -Dfile.encoding=UTF-8 com.helpdesk.Helpdesk_v2.HelpdeskV2Application

Host: Intel(R) Core(TM) i5-8250U CPU @ 1.60GHz, 8 cores, 3G, Linux Mint 19.3 Tricia
Time: Sun Oct 18 22:21:35 2020 +07 elapsed time: 518 seconds (0d 0h 8m 38s)

---------------  T H R E A D  ---------------

Current thread (0x00007f918c627000):  JavaThread "RMI TCP Accept-44389" daemon [_thread_in_vm, id=14930, stack(0x00007f91336ef000,0x00007f91337f0000)]

Stack: [0x00007f91336ef000,0x00007f91337f0000],  sp=0x00007f91337ed170,  free space=1016k
Native frames: (J=compiled Java code, A=aot compiled Java code, j=interpreted, Vv=VM code, C=native code)
C  [libjimage.so+0x2401]
C  [libjimage.so+0x30ea]
C  [libjimage.so+0x35c6]  JIMAGE_FindResource+0xd6
V  [libjvm.so+0x59098e]
V  [libjvm.so+0x5936f0]
V  [libjvm.so+0xd49c05]
V  [libjvm.so+0xd4759a]
V  [libjvm.so+0xd4a192]
V  [libjvm.so+0x644c4d]
V  [libjvm.so+0x839b0c]
j  sun.rmi.transport.tcp.TCPTransport$AcceptLoop.executeAcceptLoop()V+68 java.rmi@11.0.6
j  sun.rmi.transport.tcp.TCPTransport$AcceptLoop.run()V+1 java.rmi@11.0.6
j  java.lang.Thread.run()V+11 java.base@11.0.6
v  ~StubRoutines::call_stub
V  [libjvm.so+0x8493b9]
V  [libjvm.so+0x8474fd]
V  [libjvm.so+0x8f20dc]
V  [libjvm.so+0xd83203]
V  [libjvm.so+0xd834d5]
V  [libjvm.so+0xd7f20a]
V  [libjvm.so+0xbcf1fe]

Java frames: (J=compiled Java code, j=interpreted, Vv=VM code)
j  sun.rmi.transport.tcp.TCPTransport$AcceptLoop.executeAcceptLoop()V+68 java.rmi@11.0.6
j  sun.rmi.transport.tcp.TCPTransport$AcceptLoop.run()V+1 java.rmi@11.0.6
j  java.lang.Thread.run()V+11 java.base@11.0.6
v  ~StubRoutines::call_stub

siginfo: si_signo: 11 (SIGSEGV), si_code: 1 (SEGV_MAPERR), si_addr: 0x00007f918288a568

Register to memory mapping:

RAX=0x0000000000004553 is an unknown value
RBX=0x00007f91337ed221 is pointing into the stack for thread: 0x00007f918c627000
RCX=0x00007f918287901c is an unknown value
RDX=0x0000000000004553 is an unknown value
RSP=0x00007f91337ed170 is pointing into the stack for thread: 0x00007f918c627000
RBP=0x00007f91337ed190 is pointing into the stack for thread: 0x00007f918c627000
RSI=0x00007f91337ed220 is pointing into the stack for thread: 0x00007f918c627000
RDI=0x00007f918b16e130: <offset 0x0000000000205130> in /usr/lib/jvm/java-11-openjdk-amd64/lib/libjimage.so at 0x00007f918af69000
R8 =0x0 is NULL
R9 =0x000000000ccbfc40 is an unknown value
R10=0x00007f91337ed25d is pointing into the stack for thread: 0x00007f918c627000
R11=0x00007f9192bc64c0: <offset 0x00000000001af4c0> in /lib/x86_64-linux-gnu/libc.so.6 at 0x00007f9192a17000
R12=0x00007f91337ed220 is pointing into the stack for thread: 0x00007f918c627000
R13=0x00000000000083a0 is an unknown value
R14=0x00007f91337ee2b8 is pointing into the stack for thread: 0x00007f918c627000
R15=0x00007f9148097e40 points into unknown readable memory: 73 75 6e 2f 72 6d 69 2f


Registers:
RAX=0x0000000000004553, RBX=0x00007f91337ed221, RCX=0x00007f918287901c, RDX=0x0000000000004553
RSP=0x00007f91337ed170, RBP=0x00007f91337ed190, RSI=0x00007f91337ed220, RDI=0x00007f918b16e130
R8 =0x0000000000000000, R9 =0x000000000ccbfc40, R10=0x00007f91337ed25d, R11=0x00007f9192bc64c0
R12=0x00007f91337ed220, R13=0x00000000000083a0, R14=0x00007f91337ee2b8, R15=0x00007f9148097e40
RIP=0x00007f918af6b401, EFLAGS=0x0000000000010246, CSGSFS=0x002b000000000033, ERR=0x0000000000000004
  TRAPNO=0x000000000000000e

Top of Stack: (sp=0x00007f91337ed170)
0x00007f91337ed170:   0000000000000000 00007f918c025f20
0x00007f91337ed180:   0000000000000000 00007f91337ed220
0x00007f91337ed190:   00007f91337ed200 00007f918af6c0ea
0x00007f91337ed1a0:   0000000000000000 0000000000000000 

Instructions: (pc=0x00007f918af6b401)
0x00007f918af6b301:   c5 4c 01 e3 48 89 ce e8 d3 f3 ff ff e9 69 fd ff
0x00007f918af6b311:   ff 89 d1 0f b7 74 08 fe 66 41 89 74 0e fe e9 7a
0x00007f918af6b321:   fe ff ff 0f 1f 40 00 8b 08 49 8d 1c 16 41 89 0e
0x00007f918af6b331:   89 d1 8b 74 08 fc 41 89 74 0e fc 48 8d 34 10 48
0x00007f918af6b341:   89 75 b8 e9 0b fe ff ff 0f 1f 80 00 00 00 00 0f
0x00007f918af6b351:   b6 17 55 89 f0 48 89 e5 84 d2 74 22 48 8d 4f 01
0x00007f918af6b361:   0f 1f 80 00 00 00 00 48 83 c1 01 0f b6 f2 0f b6
0x00007f918af6b371:   51 ff 69 c0 93 01 00 01 31 f0 84 d2 75 e9 25 ff
0x00007f918af6b381:   ff ff 7f 5d c3 66 2e 0f 1f 84 00 00 00 00 00 48
0x00007f918af6b391:   85 d2 0f 84 dd 00 00 00 85 c9 0f 84 d5 00 00 00
0x00007f918af6b3a1:   55 48 89 e5 41 55 41 54 53 48 8d 5e 01 48 83 ec
0x00007f918af6b3b1:   08 44 0f b6 06 45 84 c0 0f 84 a9 00 00 00 49 89
0x00007f918af6b3c1:   da b8 93 01 00 01 66 0f 1f 84 00 00 00 00 00 49
0x00007f918af6b3d1:   83 c2 01 44 69 c8 93 01 00 01 41 0f b6 c0 45 0f
0x00007f918af6b3e1:   b6 42 ff 44 31 c8 45 84 c0 75 e4 25 ff ff ff 7f
0x00007f918af6b3f1:   41 89 cd 48 89 d1 31 d2 41 f7 f5 49 89 f4 89 d0
0x00007f918af6b401:   8b 34 81 48 8b 07 ff 50 20 83 f8 00 7e 41 41 0f
0x00007f918af6b411:   b6 14 24 84 d2 74 1c 0f 1f 84 00 00 00 00 00 69
0x00007f918af6b421:   c0 93 01 00 01 48 83 c3 01 31 d0 0f b6 53 ff 84
0x00007f918af6b431:   d2 75 ec 25 ff ff ff 7f 31 d2 41 f7 f5 48 83 c4
0x00007f918af6b441:   08 89 d0 5b 41 5c 41 5d 5d c3 0f 1f 44 00 00 74
0x00007f918af6b451:   1d f7 d0 48 83 c4 08 89 c2 5b 89 d0 41 5c 41 5d
0x00007f918af6b461:   5d c3 0f 1f 44 00 00 b8 93 01 00 01 eb 82 ba ff
0x00007f918af6b471:   ff ff ff eb c8 83 ca ff 89 d0 c3 0f 1f 40 00 0f
0x00007f918af6b481:   b6 17 55 48 89 f8 48 89 e5 84 d2 75 15 eb 1a 38
0x00007f918af6b491:   ca 75 1c 48 83 c0 01 0f b6 10 48 83 c6 01 84 d2
0x00007f918af6b4a1:   74 07 0f b6 0e 84 c9 75 e6 5d c3 0f 1f 40 00 31
0x00007f918af6b4b1:   c0 5d c3 66 90 66 2e 0f 1f 84 00 00 00 00 00 55
0x00007f918af6b4c1:   48 85 f6 48 89 e5 74 57 0f 1f 80 00 00 00 00 0f
0x00007f918af6b4d1:   b6 06 84 c0 74 49 0f b6 d0 83 e0 07 c1 fa 03 44
0x00007f918af6b4e1:   8d 50 01 0f b6 c0 41 89 d1 48 8d 56 01 4c 8d 44
0x00007f918af6b4f1:   06 02 31 c0 0f 1f 00 0f b6 0a 48 c1 e0 08 48 83 


Stack slot to memory mapping:
stack at sp + 0 slots: 0x0 is NULL
stack at sp + 1 slots: 0x00007f918c025f20 points into unknown readable memory: 20 8c 03 34 91 7f 00 00
stack at sp + 2 slots: 0x0 is NULL
stack at sp + 3 slots: 0x00007f91337ed220 is pointing into the stack for thread: 0x00007f918c627000
stack at sp + 4 slots: 0x00007f91337ed200 is pointing into the stack for thread: 0x00007f918c627000
stack at sp + 5 slots: 0x00007f918af6c0ea: <offset 0x00000000000030ea> in /usr/lib/jvm/java-11-openjdk-amd64/lib/libjimage.so at 0x00007f918af69000
stack at sp + 6 slots: 0x0 is NULL
stack at sp + 7 slots: 0x0 is NULL


---------------  P R O C E S S  ---------------

Threads class SMR info:
_java_thread_list=0x00007f912c004b90, length=32, elements={
0x00007f918c139000, 0x00007f918c13b000, 0x00007f918c141800, 0x00007f918c144000,
0x00007f918c146000, 0x00007f918c184000, 0x00007f918c1c6800, 0x00007f918c1ca000,
0x00007f918c55b000, 0x00007f918c61d800, 0x00007f918c627000, 0x00007f918c63a000,
0x00007f918d367000, 0x00007f9100002000, 0x00007f918d36a000, 0x00007f90ec02f000,
0x00007f90ec031000, 0x00007f90ec032800, 0x00007f918cf9e800, 0x00007f918cfa0800,
0x00007f918cfa2000, 0x00007f918cfa3800, 0x00007f918cfa6000, 0x00007f918cfa8000,
0x00007f918cfaa000, 0x00007f918cfab800, 0x00007f918cfad800, 0x00007f918cfaf800,
0x00007f918cfb1800, 0x00007f918cfb7800, 0x00007f918cfbc000, 0x00007f918c018800
}

Java Threads: ( => current thread )
  0x00007f918c139000 JavaThread "Reference Handler" daemon [_thread_blocked, id=14912, stack(0x00007f9161378000,0x00007f9161479000)]
  0x00007f918c13b000 JavaThread "Finalizer" daemon [_thread_blocked, id=14913, stack(0x00007f9161277000,0x00007f9161378000)]
  0x00007f918c141800 JavaThread "Signal Dispatcher" daemon [_thread_blocked, id=14914, stack(0x00007f9160d16000,0x00007f9160e17000)]
  0x00007f918c144000 JavaThread "C1 CompilerThread0" daemon [_thread_blocked, id=14915, stack(0x00007f9160c15000,0x00007f9160d16000)]
  0x00007f918c146000 JavaThread "Sweeper thread" daemon [_thread_blocked, id=14916, stack(0x00007f9160b14000,0x00007f9160c15000)]
  0x00007f918c184000 JavaThread "Common-Cleaner" daemon [_thread_blocked, id=14917, stack(0x00007f9160a13000,0x00007f9160b14000)]
  0x00007f918c1c6800 JavaThread "JDWP Transport Listener: dt_socket" daemon [_thread_in_native, id=14919, stack(0x00007f916070c000,0x00007f916080d000)]
  0x00007f918c1ca000 JavaThread "JDWP Event Helper Thread" daemon [_thread_blocked, id=14921, stack(0x00007f916060b000,0x00007f916070c000)]
  0x00007f918c55b000 JavaThread "Service Thread" daemon [_thread_blocked, id=14928, stack(0x00007f9133eff000,0x00007f9134000000)]
  0x00007f918c61d800 JavaThread "RMI TCP Accept-0" daemon [_thread_in_native, id=14929, stack(0x00007f91337f0000,0x00007f91338f1000)]
=>0x00007f918c627000 JavaThread "RMI TCP Accept-44389" daemon [_thread_in_vm, id=14930, stack(0x00007f91336ef000,0x00007f91337f0000)]
  0x00007f918c63a000 JavaThread "RMI TCP Accept-0" daemon [_thread_in_native, id=14931, stack(0x00007f91335ee000,0x00007f91336ef000)]
  0x00007f918d367000 JavaThread "Catalina-utility-1" [_thread_blocked, id=14945, stack(0x00007f91330e9000,0x00007f91331ea000)]
  0x00007f9100002000 JavaThread "Catalina-utility-2" [_thread_blocked, id=14946, stack(0x00007f9131ee2000,0x00007f9131fe3000)]
  0x00007f918d36a000 JavaThread "container-0" [_thread_blocked, id=14947, stack(0x00007f9131de1000,0x00007f9131ee2000)]
  0x00007f90ec02f000 JavaThread "cluster-ClusterId{value='5f8c5b83e6b65b201c0defed', description='null'}-tankydbs-shard-00-02.3zvgh.mongodb.net:27017" daemon [_thread_blocked, id=14953, stack(0x00007f91315d7000,0x00007f91316d8000)]
  0x00007f90ec031000 JavaThread "cluster-ClusterId{value='5f8c5b83e6b65b201c0defed', description='null'}-tankydbs-shard-00-00.3zvgh.mongodb.net:27017" daemon [_thread_blocked, id=14954, stack(0x00007f91314d6000,0x00007f91315d7000)]
  0x00007f90ec032800 JavaThread "cluster-ClusterId{value='5f8c5b83e6b65b201c0defed', description='null'}-tankydbs-shard-00-01.3zvgh.mongodb.net:27017" daemon [_thread_blocked, id=14955, stack(0x00007f91313d5000,0x00007f91314d6000)]
  0x00007f918cf9e800 JavaThread "http-nio-8081-BlockPoller" daemon [_thread_in_native, id=14961, stack(0x00007f9130280000,0x00007f9130381000)]
  0x00007f918cfa0800 JavaThread "http-nio-8081-exec-1" daemon [_thread_blocked, id=14962, stack(0x00007f913017f000,0x00007f9130280000)]
  0x00007f918cfa2000 JavaThread "http-nio-8081-exec-2" daemon [_thread_blocked, id=14963, stack(0x00007f913007e000,0x00007f913017f000)]
  0x00007f918cfa3800 JavaThread "http-nio-8081-exec-3" daemon [_thread_blocked, id=14964, stack(0x00007f90cfeff000,0x00007f90d0000000)]
  0x00007f918cfa6000 JavaThread "http-nio-8081-exec-4" daemon [_thread_blocked, id=14965, stack(0x00007f90cfdfe000,0x00007f90cfeff000)]
  0x00007f918cfa8000 JavaThread "http-nio-8081-exec-5" daemon [_thread_blocked, id=14966, stack(0x00007f90cfcfd000,0x00007f90cfdfe000)]
  0x00007f918cfaa000 JavaThread "http-nio-8081-exec-6" daemon [_thread_blocked, id=14967, stack(0x00007f90cfbfc000,0x00007f90cfcfd000)]
  0x00007f918cfab800 JavaThread "http-nio-8081-exec-7" daemon [_thread_blocked, id=14968, stack(0x00007f90cfafb000,0x00007f90cfbfc000)]
  0x00007f918cfad800 JavaThread "http-nio-8081-exec-8" daemon [_thread_blocked, id=14969, stack(0x00007f90cf9fa000,0x00007f90cfafb000)]
  0x00007f918cfaf800 JavaThread "http-nio-8081-exec-9" daemon [_thread_blocked, id=14970, stack(0x00007f90cf8f9000,0x00007f90cf9fa000)]
  0x00007f918cfb1800 JavaThread "http-nio-8081-exec-10" daemon [_thread_blocked, id=14971, stack(0x00007f90cf7f8000,0x00007f90cf8f9000)]
  0x00007f918cfb7800 JavaThread "http-nio-8081-ClientPoller" daemon [_thread_blocked, id=14972, stack(0x00007f90cf6f7000,0x00007f90cf7f8000)]
  0x00007f918cfbc000 JavaThread "http-nio-8081-Acceptor" daemon [_thread_in_native, id=14973, stack(0x00007f90cf5f6000,0x00007f90cf6f7000)]
  0x00007f918c018800 JavaThread "DestroyJavaVM" [_thread_blocked, id=14905, stack(0x00007f919311b000,0x00007f919321c000)]

Other Threads:
  0x00007f918c136000 VMThread "VM Thread" [stack: 0x00007f916147b000,0x00007f916157b000] [id=14911]
  0x00007f918c63d000 WatcherThread [stack: 0x00007f91334ee000,0x00007f91335ee000] [id=14932]
  0x00007f918c032000 GCTaskThread "GC Thread#0" [stack: 0x00007f91735a7000,0x00007f91736a7000] [id=14906]
  0x00007f9158001000 GCTaskThread "GC Thread#1" [stack: 0x00007f91333ec000,0x00007f91334ec000] [id=14933]
  0x00007f9158004000 GCTaskThread "GC Thread#2" [stack: 0x00007f9132fe9000,0x00007f91330e9000] [id=14935]
  0x00007f9158005800 GCTaskThread "GC Thread#3" [stack: 0x00007f9132ee7000,0x00007f9132fe7000] [id=14936]
  0x00007f915800b800 GCTaskThread "GC Thread#4" [stack: 0x00007f9131ce1000,0x00007f9131de1000] [id=14948]
  0x00007f915800c800 GCTaskThread "GC Thread#5" [stack: 0x00007f9131bdf000,0x00007f9131cdf000] [id=14949]
  0x00007f915800e000 GCTaskThread "GC Thread#6" [stack: 0x00007f9131add000,0x00007f9131bdd000] [id=14950]
  0x00007f9158010000 GCTaskThread "GC Thread#7" [stack: 0x00007f91319db000,0x00007f9131adb000] [id=14951]
  0x00007f918c04c800 ConcurrentGCThread "G1 Main Marker" [stack: 0x00007f9170923000,0x00007f9170a23000] [id=14907]
  0x00007f918c04e800 ConcurrentGCThread "G1 Conc#0" [stack: 0x00007f9170821000,0x00007f9170921000] [id=14908]
  0x00007f9164001000 ConcurrentGCThread "G1 Conc#1" [stack: 0x00007f91325e5000,0x00007f91326e5000] [id=14943]
  0x00007f918c0a0800 ConcurrentGCThread "G1 Refine#0" [stack: 0x00007f9161f00000,0x00007f9162000000] [id=14909]
  0x00007f918c0a2800 ConcurrentGCThread "G1 Young RemSet Sampling" [stack: 0x00007f9161dfe000,0x00007f9161efe000] [id=14910]

Threads with active compile tasks:

VM state:synchronizing (normal execution)

VM Mutex/Monitor currently owned by a thread:  ([mutex/lock_event])
[0x00007f918c014b40] Threads_lock - owner thread: 0x00007f918c136000

Heap address: 0x00000000c4400000, size: 956 MB, Compressed Oops mode: 32-bit
Narrow klass base: 0x0000000800000000, Narrow klass shift: 3
Compressed class space size: 1073741824 Address: 0x0000000840000000

Heap:
 garbage-first heap   total 76800K, used 46822K [0x00000000c4400000, 0x0000000100000000)
  region size 1024K, 23 young (23552K), 3 survivors (3072K)
 Metaspace       used 46680K, capacity 48536K, committed 48844K, reserved 1091584K
  class space    used 6152K, capacity 6883K, committed 6912K, reserved 1048576K
Heap Regions: E=young(eden), S=young(survivor), O=old, HS=humongous(starts), HC=humongous(continues), CS=collection set, F=free, A=archive, TAMS=top-at-mark-start (previous, next)
|   0|0x00000000c4400000, 0x00000000c4500000, 0x00000000c4500000|100%| O|  |TAMS 0x00000000c4500000, 0x00000000c4400000| Untracked 
|   1|0x00000000c4500000, 0x00000000c4600000, 0x00000000c4600000|100%| O|  |TAMS 0x00000000c4600000, 0x00000000c4500000| Untracked 
|   2|0x00000000c4600000, 0x00000000c4700000, 0x00000000c4700000|100%| O|  |TAMS 0x00000000c4700000, 0x00000000c4600000| Untracked 
|   3|0x00000000c4700000, 0x00000000c4800000, 0x00000000c4800000|100%| O|  |TAMS 0x00000000c4800000, 0x00000000c4700000| Untracked 
|   4|0x00000000c4800000, 0x00000000c4900000, 0x00000000c4900000|100%| O|  |TAMS 0x00000000c4900000, 0x00000000c4800000| Untracked 
|   5|0x00000000c4900000, 0x00000000c4a00000, 0x00000000c4a00000|100%| O|  |TAMS 0x00000000c4a00000, 0x00000000c4900000| Untracked 
|   6|0x00000000c4a00000, 0x00000000c4b00000, 0x00000000c4b00000|100%| O|  |TAMS 0x00000000c4b00000, 0x00000000c4a00000| Untracked 
|   7|0x00000000c4b00000, 0x00000000c4c00000, 0x00000000c4c00000|100%| O|  |TAMS 0x00000000c4c00000, 0x00000000c4b00000| Untracked 
|   8|0x00000000c4c00000, 0x00000000c4d00000, 0x00000000c4d00000|100%| O|  |TAMS 0x00000000c4d00000, 0x00000000c4c00000| Untracked 
|   9|0x00000000c4d00000, 0x00000000c4e00000, 0x00000000c4e00000|100%| O|  |TAMS 0x00000000c4e00000, 0x00000000c4d00000| Untracked 
|  10|0x00000000c4e00000, 0x00000000c4f00000, 0x00000000c4f00000|100%| O|  |TAMS 0x00000000c4f00000, 0x00000000c4e00000| Untracked 
|  11|0x00000000c4f00000, 0x00000000c5000000, 0x00000000c5000000|100%| O|  |TAMS 0x00000000c5000000, 0x00000000c4f00000| Untracked 
|  12|0x00000000c5000000, 0x00000000c5100000, 0x00000000c5100000|100%| O|  |TAMS 0x00000000c5100000, 0x00000000c5000000| Untracked 
|  13|0x00000000c5100000, 0x00000000c5200000, 0x00000000c5200000|100%| O|  |TAMS 0x00000000c5200000, 0x00000000c5100000| Untracked 
|  14|0x00000000c5200000, 0x00000000c5300000, 0x00000000c5300000|100%| O|  |TAMS 0x00000000c5300000, 0x00000000c5200000| Untracked 
|  15|0x00000000c5300000, 0x00000000c5400000, 0x00000000c5400000|100%| O|  |TAMS 0x00000000c5400000, 0x00000000c5300000| Untracked 
|  16|0x00000000c5400000, 0x00000000c5500000, 0x00000000c5500000|100%| O|  |TAMS 0x00000000c5500000, 0x00000000c5400000| Untracked 
|  17|0x00000000c5500000, 0x00000000c5600000, 0x00000000c5600000|100%| O|  |TAMS 0x00000000c5600000, 0x00000000c5500000| Untracked 
|  18|0x00000000c5600000, 0x00000000c5700000, 0x00000000c5700000|100%| O|  |TAMS 0x00000000c5700000, 0x00000000c5600000| Untracked 
|  19|0x00000000c5700000, 0x00000000c5800000, 0x00000000c5800000|100%| O|  |TAMS 0x00000000c570be00, 0x00000000c5700000| Untracked 
|  20|0x00000000c5800000, 0x00000000c5900000, 0x00000000c5900000|100%| O|  |TAMS 0x00000000c5800000, 0x00000000c5800000| Untracked 
|  21|0x00000000c5900000, 0x00000000c5a00000, 0x00000000c5a00000|100%| O|  |TAMS 0x00000000c5900000, 0x00000000c5900000| Untracked 
|  22|0x00000000c5a00000, 0x00000000c5b00000, 0x00000000c5b00000|100%| O|  |TAMS 0x00000000c5a00000, 0x00000000c5a00000| Untracked 
|  23|0x00000000c5b00000, 0x00000000c5c00000, 0x00000000c5c00000|100%| O|  |TAMS 0x00000000c5b00000, 0x00000000c5b00000| Untracked 
|  24|0x00000000c5c00000, 0x00000000c5ccde00, 0x00000000c5d00000| 80%| O|  |TAMS 0x00000000c5c00000, 0x00000000c5c00000| Untracked 
|  25|0x00000000c5d00000, 0x00000000c5d00000, 0x00000000c5e00000|  0%| F|  |TAMS 0x00000000c5d00000, 0x00000000c5d00000| Untracked 
|  26|0x00000000c5e00000, 0x00000000c5e00000, 0x00000000c5f00000|  0%| F|  |TAMS 0x00000000c5e00000, 0x00000000c5e00000| Untracked 
|  27|0x00000000c5f00000, 0x00000000c5f00000, 0x00000000c6000000|  0%| F|  |TAMS 0x00000000c5f00000, 0x00000000c5f00000| Untracked 
|  28|0x00000000c6000000, 0x00000000c6000000, 0x00000000c6100000|  0%| F|  |TAMS 0x00000000c6000000, 0x00000000c6000000| Untracked 
|  29|0x00000000c6100000, 0x00000000c6100000, 0x00000000c6200000|  0%| F|  |TAMS 0x00000000c6100000, 0x00000000c6100000| Untracked 
|  30|0x00000000c6200000, 0x00000000c6200000, 0x00000000c6300000|  0%| F|  |TAMS 0x00000000c6200000, 0x00000000c6200000| Untracked 
|  31|0x00000000c6300000, 0x00000000c6300000, 0x00000000c6400000|  0%| F|  |TAMS 0x00000000c6300000, 0x00000000c6300000| Untracked 
|  32|0x00000000c6400000, 0x00000000c6400000, 0x00000000c6500000|  0%| F|  |TAMS 0x00000000c6400000, 0x00000000c6400000| Untracked 
|  33|0x00000000c6500000, 0x00000000c6500000, 0x00000000c6600000|  0%| F|  |TAMS 0x00000000c6500000, 0x00000000c6500000| Untracked 
|  34|0x00000000c6600000, 0x00000000c663abb0, 0x00000000c6700000| 22%| S|CS|TAMS 0x00000000c6600000, 0x00000000c6600000| Complete 
|  35|0x00000000c6700000, 0x00000000c6800000, 0x00000000c6800000|100%| S|CS|TAMS 0x00000000c6700000, 0x00000000c6700000| Complete 
|  36|0x00000000c6800000, 0x00000000c6800000, 0x00000000c6900000|  0%| F|  |TAMS 0x00000000c6800000, 0x00000000c6800000| Untracked 
|  37|0x00000000c6900000, 0x00000000c6a00000, 0x00000000c6a00000|100%| S|CS|TAMS 0x00000000c6900000, 0x00000000c6900000| Complete 
|  38|0x00000000c6a00000, 0x00000000c6a00000, 0x00000000c6b00000|  0%| F|  |TAMS 0x00000000c6a00000, 0x00000000c6a00000| Untracked 
|  39|0x00000000c6b00000, 0x00000000c6b00000, 0x00000000c6c00000|  0%| F|  |TAMS 0x00000000c6b00000, 0x00000000c6b00000| Untracked 
|  40|0x00000000c6c00000, 0x00000000c6c00000, 0x00000000c6d00000|  0%| F|  |TAMS 0x00000000c6c00000, 0x00000000c6c00000| Untracked 
|  41|0x00000000c6d00000, 0x00000000c6d00000, 0x00000000c6e00000|  0%| F|  |TAMS 0x00000000c6d00000, 0x00000000c6d00000| Untracked 
|  42|0x00000000c6e00000, 0x00000000c6e00000, 0x00000000c6f00000|  0%| F|  |TAMS 0x00000000c6e00000, 0x00000000c6e00000| Untracked 
|  43|0x00000000c6f00000, 0x00000000c6f00000, 0x00000000c7000000|  0%| F|  |TAMS 0x00000000c6f00000, 0x00000000c6f00000| Untracked 
|  44|0x00000000c7000000, 0x00000000c7000000, 0x00000000c7100000|  0%| F|  |TAMS 0x00000000c7000000, 0x00000000c7000000| Untracked 
|  45|0x00000000c7100000, 0x00000000c7100000, 0x00000000c7200000|  0%| F|  |TAMS 0x00000000c7100000, 0x00000000c7100000| Untracked 
|  46|0x00000000c7200000, 0x00000000c7200000, 0x00000000c7300000|  0%| F|  |TAMS 0x00000000c7200000, 0x00000000c7200000| Untracked 
|  47|0x00000000c7300000, 0x00000000c7300000, 0x00000000c7400000|  0%| F|  |TAMS 0x00000000c7300000, 0x00000000c7300000| Untracked 
|  48|0x00000000c7400000, 0x00000000c7400000, 0x00000000c7500000|  0%| F|  |TAMS 0x00000000c7400000, 0x00000000c7400000| Untracked 
|  49|0x00000000c7500000, 0x00000000c7500000, 0x00000000c7600000|  0%| F|  |TAMS 0x00000000c7500000, 0x00000000c7500000| Untracked 
|  50|0x00000000c7600000, 0x00000000c7600000, 0x00000000c7700000|  0%| F|  |TAMS 0x00000000c7600000, 0x00000000c7600000| Untracked 
|  51|0x00000000c7700000, 0x00000000c7700000, 0x00000000c7800000|  0%| F|  |TAMS 0x00000000c7700000, 0x00000000c7700000| Untracked 
|  52|0x00000000c7800000, 0x00000000c7800000, 0x00000000c7900000|  0%| F|  |TAMS 0x00000000c7800000, 0x00000000c7800000| Untracked 
|  53|0x00000000c7900000, 0x00000000c7997468, 0x00000000c7a00000| 59%| E|  |TAMS 0x00000000c7900000, 0x00000000c7900000| Complete 
|  54|0x00000000c7a00000, 0x00000000c7b00000, 0x00000000c7b00000|100%| E|CS|TAMS 0x00000000c7a00000, 0x00000000c7a00000| Complete 
|  55|0x00000000c7b00000, 0x00000000c7c00000, 0x00000000c7c00000|100%| E|CS|TAMS 0x00000000c7b00000, 0x00000000c7b00000| Complete 
|  56|0x00000000c7c00000, 0x00000000c7d00000, 0x00000000c7d00000|100%| E|CS|TAMS 0x00000000c7c00000, 0x00000000c7c00000| Complete 
|  57|0x00000000c7d00000, 0x00000000c7e00000, 0x00000000c7e00000|100%| E|CS|TAMS 0x00000000c7d00000, 0x00000000c7d00000| Complete 
|  58|0x00000000c7e00000, 0x00000000c7f00000, 0x00000000c7f00000|100%| E|CS|TAMS 0x00000000c7e00000, 0x00000000c7e00000| Complete 
|  59|0x00000000c7f00000, 0x00000000c8000000, 0x00000000c8000000|100%| E|CS|TAMS 0x00000000c7f00000, 0x00000000c7f00000| Complete 
|  60|0x00000000c8000000, 0x00000000c8100000, 0x00000000c8100000|100%| E|CS|TAMS 0x00000000c8000000, 0x00000000c8000000| Complete 
|  61|0x00000000c8100000, 0x00000000c8200000, 0x00000000c8200000|100%| E|CS|TAMS 0x00000000c8100000, 0x00000000c8100000| Complete 
|  62|0x00000000c8200000, 0x00000000c8300000, 0x00000000c8300000|100%| E|CS|TAMS 0x00000000c8200000, 0x00000000c8200000| Complete 
|  63|0x00000000c8300000, 0x00000000c8400000, 0x00000000c8400000|100%| E|CS|TAMS 0x00000000c8300000, 0x00000000c8300000| Complete 
|  64|0x00000000c8400000, 0x00000000c8500000, 0x00000000c8500000|100%| E|CS|TAMS 0x00000000c8400000, 0x00000000c8400000| Complete 
|  65|0x00000000c8500000, 0x00000000c8600000, 0x00000000c8600000|100%| E|CS|TAMS 0x00000000c8500000, 0x00000000c8500000| Complete 
|  66|0x00000000c8600000, 0x00000000c8700000, 0x00000000c8700000|100%| E|CS|TAMS 0x00000000c8600000, 0x00000000c8600000| Complete 
|  67|0x00000000c8700000, 0x00000000c8800000, 0x00000000c8800000|100%| E|CS|TAMS 0x00000000c8700000, 0x00000000c8700000| Complete 
|  68|0x00000000c8800000, 0x00000000c8900000, 0x00000000c8900000|100%| E|  |TAMS 0x00000000c8800000, 0x00000000c8800000| Complete 
|  69|0x00000000c8900000, 0x00000000c8a00000, 0x00000000c8a00000|100%| E|CS|TAMS 0x00000000c8900000, 0x00000000c8900000| Complete 
|  70|0x00000000c8a00000, 0x00000000c8b00000, 0x00000000c8b00000|100%| E|CS|TAMS 0x00000000c8a00000, 0x00000000c8a00000| Complete 
|  71|0x00000000c8b00000, 0x00000000c8c00000, 0x00000000c8c00000|100%| E|CS|TAMS 0x00000000c8b00000, 0x00000000c8b00000| Complete 
|  72|0x00000000c8c00000, 0x00000000c8d00000, 0x00000000c8d00000|100%| E|CS|TAMS 0x00000000c8c00000, 0x00000000c8c00000| Complete 
| 954|0x00000000ffe00000, 0x00000000ffe47000, 0x00000000fff00000| 27%|OA|  |TAMS 0x00000000ffe47000, 0x00000000ffe00000| Untracked 
| 955|0x00000000fff00000, 0x00000000fff6a000, 0x0000000100000000| 41%|CA|  |TAMS 0x00000000fff6a000, 0x00000000fff00000| Untracked 

Card table byte_map: [0x00007f91729e1000,0x00007f9172bbf000] _byte_map_base: 0x00007f91723bf000

Marking Bits (Prev, Next): (CMBitMap*) 0x00007f918c047d28, (CMBitMap*) 0x00007f918c047d60
 Prev Bits: [0x00007f9171913000, 0x00007f9172803000)
 Next Bits: [0x00007f9170a23000, 0x00007f9171913000)

Polling page: 0x00007f919323c000

Metaspace:

Usage:
  Non-class:     40,68 MB capacity,    39,58 MB ( 97%) used,   914,26 KB (  2%) free+waste,   211,19 KB ( <1%) overhead. 
      Class:      6,72 MB capacity,     6,01 MB ( 89%) used,   627,36 KB (  9%) free+waste,   103,19 KB (  1%) overhead. 
       Both:     47,40 MB capacity,    45,59 MB ( 96%) used,     1,51 MB (  3%) free+waste,   314,38 KB ( <1%) overhead. 

Virtual space:
  Non-class space:       42,00 MB reserved,      40,95 MB ( 97%) committed 
      Class space:        1,00 GB reserved,       6,75 MB ( <1%) committed 
             Both:        1,04 GB reserved,      47,70 MB (  4%) committed 

Chunk freelists:
   Non-Class:  63,00 KB
       Class:  0 bytes
        Both:  63,00 KB

MaxMetaspaceSize: unlimited
CompressedClassSpaceSize: 1,00 GB

CodeHeap 'non-profiled nmethods': size=238384Kb used=18022Kb max_used=18022Kb free=220361Kb
 bounds [0x00007f9173fad000, 0x00007f917514d000, 0x00007f9182879000]
CodeHeap 'non-nmethods': size=7376Kb used=1294Kb max_used=1294Kb free=6081Kb
 bounds [0x00007f9173879000, 0x00007f9173ae9000, 0x00007f9173fad000]
 total_blobs=10272 nmethods=9500 adapters=522
 compilation: enabled
              stopped_count=0, restarted_count=0
 full_count=0

Compilation events (20 events):
Event: 501,876 Thread 0x00007f918c144000 9742       1       org.springframework.data.repository.core.support.QueryExecutionResultHandler::unwrapOptional (33 bytes)
Event: 501,876 Thread 0x00007f918c144000 nmethod 9742 0x00007f9175144010 code [0x00007f9175144200, 0x00007f9175144538]
Event: 502,918 Thread 0x00007f918c144000 9743       1       javax.mail.internet.InternetHeaders::getHeader (111 bytes)
Event: 502,920 Thread 0x00007f918c144000 nmethod 9743 0x00007f9175144690 code [0x00007f91751448e0, 0x00007f9175144ff8]
Event: 503,867 Thread 0x00007f918c144000 9744       1       com.sun.mail.smtp.SMTPOutputStream::write (114 bytes)
Event: 503,869 Thread 0x00007f918c144000 nmethod 9744 0x00007f9175145490 code [0x00007f9175145660, 0x00007f9175145928]
Event: 503,869 Thread 0x00007f918c144000 9745       1       com.sun.mail.util.CRLFOutputStream::write (138 bytes)
Event: 503,872 Thread 0x00007f918c144000 nmethod 9745 0x00007f9175145b10 code [0x00007f9175145d00, 0x00007f9175146068]
Event: 509,307 Thread 0x00007f918c144000 9746       1       com.fasterxml.jackson.databind.ser.DefaultSerializerProvider::serializeValue (147 bytes)
Event: 509,338 Thread 0x00007f918c144000 nmethod 9746 0x00007f9175146210 code [0x00007f9175146480, 0x00007f9175146b28]
Event: 509,338 Thread 0x00007f918c144000 9747       1       com.fasterxml.jackson.databind.ser.std.CollectionSerializer::serialize (11 bytes)
Event: 509,339 Thread 0x00007f918c144000 nmethod 9747 0x00007f9175147090 code [0x00007f9175147240, 0x00007f9175147428]
Event: 509,339 Thread 0x00007f918c144000 9748       1       com.fasterxml.jackson.databind.ser.std.CollectionSerializer::serialize (68 bytes)
Event: 509,340 Thread 0x00007f918c144000 nmethod 9748 0x00007f9175147510 code [0x00007f9175147700, 0x00007f91751479e8]
Event: 511,369 Thread 0x00007f918c144000 9749       1       org.springframework.data.mongodb.core.query.Query::with (42 bytes)
Event: 511,369 Thread 0x00007f918c144000 nmethod 9749 0x00007f9175147b90 code [0x00007f9175147d80, 0x00007f9175147fa8]
Event: 511,370 Thread 0x00007f918c144000 9750       1       org.springframework.data.domain.Pageable::isUnpaged (15 bytes)
Event: 511,370 Thread 0x00007f918c144000 nmethod 9750 0x00007f9175148090 code [0x00007f9175148240, 0x00007f91751483c8]
Event: 511,370 Thread 0x00007f918c144000 9751       1       org.springframework.data.mongodb.core.ExecutableFindOperationSupport$ExecutableFindSupport::all (6 bytes)
Event: 511,370 Thread 0x00007f918c144000 nmethod 9751 0x00007f9175148490 code [0x00007f9175148640, 0x00007f91751487a8]

GC Heap History (20 events):
Event: 11,536 GC heap before
{Heap before GC invocations=18 (full 0):
 garbage-first heap   total 76800K, used 56051K [0x00000000c4400000, 0x0000000100000000)
  region size 1024K, 36 young (36864K), 2 survivors (2048K)
 Metaspace       used 37291K, capacity 38779K, committed 38860K, reserved 1083392K
  class space    used 4986K, capacity 5612K, committed 5632K, reserved 1048576K
}
Event: 11,540 GC heap after
{Heap after GC invocations=19 (full 0):
 garbage-first heap   total 76800K, used 23667K [0x00000000c4400000, 0x0000000100000000)
  region size 1024K, 4 young (4096K), 4 survivors (4096K)
 Metaspace       used 37291K, capacity 38779K, committed 38860K, reserved 1083392K
  class space    used 4986K, capacity 5612K, committed 5632K, reserved 1048576K
}
Event: 12,078 GC heap before
{Heap before GC invocations=19 (full 0):
 garbage-first heap   total 76800K, used 56435K [0x00000000c4400000, 0x0000000100000000)
  region size 1024K, 37 young (37888K), 4 survivors (4096K)
 Metaspace       used 39895K, capacity 41506K, committed 41804K, reserved 1085440K
  class space    used 5357K, capacity 5983K, committed 6016K, reserved 1048576K
}
Event: 12,083 GC heap after
{Heap after GC invocations=20 (full 0):
 garbage-first heap   total 76800K, used 25702K [0x00000000c4400000, 0x0000000100000000)
  region size 1024K, 4 young (4096K), 4 survivors (4096K)
 Metaspace       used 39895K, capacity 41506K, committed 41804K, reserved 1085440K
  class space    used 5357K, capacity 5983K, committed 6016K, reserved 1048576K
}
Event: 14,512 GC heap before
{Heap before GC invocations=20 (full 0):
 garbage-first heap   total 76800K, used 58470K [0x00000000c4400000, 0x0000000100000000)
  region size 1024K, 37 young (37888K), 4 survivors (4096K)
 Metaspace       used 42253K, capacity 43911K, committed 44236K, reserved 1087488K
  class space    used 5637K, capacity 6291K, committed 6400K, reserved 1048576K
}
Event: 14,517 GC heap after
{Heap after GC invocations=21 (full 0):
 garbage-first heap   total 76800K, used 26292K [0x00000000c4400000, 0x0000000100000000)
  region size 1024K, 3 young (3072K), 3 survivors (3072K)
 Metaspace       used 42253K, capacity 43911K, committed 44236K, reserved 1087488K
  class space    used 5637K, capacity 6291K, committed 6400K, reserved 1048576K
}
Event: 25,853 GC heap before
{Heap before GC invocations=21 (full 0):
 garbage-first heap   total 76800K, used 59060K [0x00000000c4400000, 0x0000000100000000)
  region size 1024K, 36 young (36864K), 3 survivors (3072K)
 Metaspace       used 44247K, capacity 45904K, committed 46156K, reserved 1089536K
  class space    used 5875K, capacity 6525K, committed 6528K, reserved 1048576K
}
Event: 25,859 GC heap after
{Heap after GC invocations=22 (full 0):
 garbage-first heap   total 76800K, used 27718K [0x00000000c4400000, 0x0000000100000000)
  region size 1024K, 5 young (5120K), 5 survivors (5120K)
 Metaspace       used 44247K, capacity 45904K, committed 46156K, reserved 1089536K
  class space    used 5875K, capacity 6525K, committed 6528K, reserved 1048576K
}
Event: 140,961 GC heap before
