#
# A fatal error has been detected by the Java Runtime Environment:
#
#  SIGSEGV (0xb) at pc=0x00007fb4b41ef401, pid=11175, tid=11205
#
# JRE version: OpenJDK Runtime Environment (11.0.6+10) (build 11.0.6+10-post-Ubuntu-1ubuntu118.04.1)
# Java VM: OpenJDK 64-Bit Server VM (11.0.6+10-post-Ubuntu-1ubuntu118.04.1, mixed mode, sharing, tiered, compressed oops, g1 gc, linux-amd64)
# Problematic frame:
# C  [libjimage.so+0x2401]
#
# Core dump will be written. Default location: Core dumps may be processed with "/lib/systemd/systemd-coredump %P %u %g %s %t 9223372036854775808 %e" (or dumping to /home/tanky/Documents/Springboot Project/Helpdesk_v2/core.11175)
#
# If you would like to submit a bug report, please visit:
#   https://bugs.launchpad.net/ubuntu/+source/openjdk-lts
#

---------------  S U M M A R Y ------------

Command Line: -agentlib:jdwp=transport=dt_socket,suspend=y,address=localhost:38221 -Dcom.sun.management.jmxremote -Dcom.sun.management.jmxremote.port=40035 -Dcom.sun.management.jmxremote.authenticate=false -Dcom.sun.management.jmxremote.ssl=false -Djava.rmi.server.hostname=localhost -Dspring.jmx.enabled=true -Dspring.liveBeansView.mbeanDomain -Dspring.application.admin.enabled=true -Djava.security.egd=file:/dev/./urandom -Xverify:none -XX:TieredStopAtLevel=1 -Dspring.boot.project.name=Helpdesk_v2 -javaagent:/home/tanky/Desktop/eclipse/jee-2019-123/eclipse/configuration/org.eclipse.osgi/1402/0/.cp/lib/javaagent-shaded.jar -Dfile.encoding=UTF-8 com.helpdesk.Helpdesk_v2.HelpdeskV2Application

Host: Intel(R) Core(TM) i5-8250U CPU @ 1.60GHz, 8 cores, 3G, Linux Mint 19.3 Tricia
Time: Wed Oct 14 20:01:17 2020 +07 elapsed time: 209 seconds (0d 0h 3m 29s)

---------------  T H R E A D  ---------------

Current thread (0x00007fb4b0626800):  JavaThread "RMI TCP Accept-40035" daemon [_thread_in_vm, id=11205, stack(0x00007fb4889ba000,0x00007fb488abb000)]

Stack: [0x00007fb4889ba000,0x00007fb488abb000],  sp=0x00007fb488ab8170,  free space=1016k
Native frames: (J=compiled Java code, A=aot compiled Java code, j=interpreted, Vv=VM code, C=native code)
C  [libjimage.so+0x2401]
C  [libjimage.so+0x30ea]
C  [libjimage.so+0x35c6]